[11:29:21.452]Initing... D:\Games\BATTLETECH\Mods\ActivatableEquipment version: 0.0.0.96
Settings = [{
  "debug": true,
  "AIComponentUsefullModifyer": 0.3,
  "AIComponentExtreamlyUsefulModifyer": 0.6,
  "AIOffenceUsefullCoeff": 0.1,
  "AIDefenceUsefullCoeff": 0.2,
  "AIHeatCoeffCoeff": 0.8,
  "AIOverheatCoeffCoeff": 0.6,
  "ToolTipWarningFailChance": 0.2,
  "ToolTipAlertFailChance": 0.4,
  "StartupMinHeatRatio": 0.4,
  "StartupByHeatControl": false,
  "StoodUpPilotingRoll": false,
  "StoodUpPilotingRollCoeff": 0.1,
  "DefaultArmsAbsenceStoodUpMod": -0.1,
  "LegAbsenceStoodUpMod": -0.1,
  "AdditionalAssets": [],
  "AIActivatableCheating": 0.8,
  "auraUpdateFix": 1,
  "auraUpdateMinTimeDelta": 2.0,
  "auraUpdateMinPosDelta": 20.0,
  "sensorsAura": {
    "Id": "Sensors",
    "Name": "Sensors",
    "LineType": 1,
    "isSpining": false,
    "AuraColor": {
      "r": 1.0,
      "g": 1.0,
      "b": 1.0,
      "a": 1.0,
      "grayscale": 1.0,
      "maxColorComponent": 1.0
    },
    "Range": 90.0,
    "RangeStatistic": "CAE_SENSORS_RANGE",
    "RemoveOnSensorLock": false,
    "HideOnNotSelected": true,
    "NotShowOnSelected": false,
    "FloatieAtEndOfMove": true,
    "ApplySelf": false,
    "State": 2,
    "AllyStealthAffection": 0,
    "EnemyStealthAffection": 7,
    "IsPositiveToAlly": false,
    "IsNegativeToAlly": false,
    "IsNegativeToEnemy": true,
    "IsPositiveToEnemy": false,
    "MinefieldDetector": false,
    "OnFireEffects": [],
    "onlineVFX": [],
    "targetVFX": [],
    "removeOwnerVFX": [],
    "removeTargetVFX": [],
    "ownerSFX": [],
    "targetSFX": [],
    "removeOwnerSFX": [],
    "removeTargetSFX": [],
    "statusEffects": [
      {
        "durationData": {
          "duration": -1,
          "ticksOnActivations": false,
          "useActivationsOfTarget": false,
          "ticksOnEndOfRound": false,
          "ticksOnMovements": false,
          "stackLimit": 1,
          "uniqueEffectIdStackLimit": 0,
          "clearedWhenAttacked": false,
          "activeTrackedEffect": false
        },
        "targetingData": {
          "effectTriggerType": 0,
          "triggerLimit": 0,
          "extendDurationOnTrigger": 0,
          "specialRules": 0,
          "auraEffectType": 0,
          "effectTargetType": 5,
          "alsoAffectCreator": false,
          "range": 0.0,
          "forcePathRebuild": false,
          "forceVisRebuild": true,
          "showInTargetPreview": false,
          "showInStatusPanel": false,
          "hideApplicationFloatie": false,
          "effectTargetsCreator": false
        },
        "effectType": 1,
        "Description": {
          "Id": "ECMStealth_SensorsEffect",
          "Name": "ECM CARRIER",
          "Details": "",
          "Icon": ""
        },
        "nature": 1,
        "statisticData": {
          "appliesEachTick": false,
          "effectsPersistAfterDestruction": false,
          "statName": "GhostEffectStacks",
          "operation": 1,
          "modValue": "-1",
          "modType": "System.Int32",
          "additionalRules": 0,
          "targetCollection": 0,
          "targetWeaponType": 0,
          "targetWeaponSubType": 0,
          "TargetWeaponCategoryValue": {
            "WeaponCategoryID": 0,
            "IsBallistic": false,
            "IsMissile": false,
            "IsEnergy": false,
            "IsSupport": false,
            "IsMelee": false,
            "CanUseInMelee": false,
            "IsAffectedByEvasive": true,
            "ForceLightHitReact": false,
            "DamageReductionMultiplierStat": "",
            "ToBeHitStat": "",
            "DesignMaskString": "",
            "TurretDamageMultiplier": 1.0,
            "VehicleDamageMultiplier": 1.0,
            "MinHorizontalAngle": 5.0,
            "MaxHorizontalAngle": 15.0,
            "MinVerticalAngle": 15.0,
            "MaxVerticalAngle": 15.0,
            "UIColorRef": "Equipment",
            "FallbackUIColor": null,
            "Icon": "GeneralEquipIcon",
            "HardpointPrefabText": "",
            "UseHardpointPrefabTextAsSuffix": true,
            "Is_NotSet": true,
            "ID": 0,
            "Name": "NotSet",
            "FriendlyName": "Not Set",
            "Description": "",
            "IsVanilla": true
          },
          "TargetAmmoCategoryValue": {
            "ammoDepeleted": null,
            "AmmoCategoryID": 0,
            "IsBallistic": false,
            "IsMissile": false,
            "IsEnergy": false,
            "IsSupport": false,
            "UsesInternalAmmo": false,
            "UIColorRef": "Equipment",
            "FallbackUIColor": null,
            "Icon": "GeneralEquipIcon",
            "OutOfAmmoAudioVOEvent": null,
            "Is_NotSet": true,
            "IsFlamer": false,
            "IsAC20": false,
            "ID": 0,
            "Name": "NotSet",
            "FriendlyName": "Not Set",
            "Description": "",
            "IsVanilla": true
          }
        },
        "tagData": null,
        "floatieData": null,
        "actorBurningData": null,
        "vfxData": null,
        "instantModData": null,
        "poorlyMaintainedEffectData": null,
        "activeAbilityEffectData": null
      }
    ]
  },
  "unaffectedByHeadHitStatName": "NoHeadDamage",
  "auraStartupTime": 10.0,
  "equipmentFlashFailChance": 0.25
}]
Layer Name;VFXPhysics(8);Terrain(9);Utility(10);Obstruction(11);Combatant(12);VFXOnly(13);Decal(14);Light(15);World(16);UI_InWorld(17);UI_IgnoreMouseEvents(18);Characters(19);Space(20);Road(21);VFXPhysicsActive(22);Reflector(23);Head(24);Starmap(25);NoCollision(26);NewTerrain(27);ForceMouseEvents(28);(29);(30);(31);
VFXPhysics(8);;X;;;X;X;;;;;;X;;;;;;;;X;;X;X;X;
Terrain(9);X;X;X;X;X;;X;X;X;X;X;X;X;X;X;X;X;X;;X;;X;X;X;
Utility(10);;X;X;X;X;;X;X;X;X;X;X;X;X;;X;X;X;;X;;X;X;X;
Obstruction(11);;X;X;X;X;;X;X;X;X;X;X;X;X;X;X;X;X;;X;;X;X;X;
Combatant(12);X;X;X;X;X;;X;X;X;X;X;X;X;X;;X;X;X;;X;;X;X;X;
VFXOnly(13);X;;;;;;X;X;X;X;X;X;X;X;;X;X;X;;X;;X;X;X;
Decal(14);;X;X;X;X;X;X;X;X;X;X;X;X;X;;X;X;X;;X;;X;X;X;
Light(15);;X;X;X;X;X;X;X;X;X;X;X;X;X;;X;X;X;;X;;X;X;X;
World(16);;X;X;X;X;X;X;X;X;X;X;X;X;X;;X;X;X;;X;;X;X;X;
UI_InWorld(17);;X;X;X;X;X;X;X;X;X;X;X;X;X;;X;X;X;;X;;X;X;X;
UI_IgnoreMouseEvents(18);;X;X;X;X;X;X;X;X;X;X;X;X;X;;X;X;X;;X;;X;X;X;
Characters(19);X;X;X;X;X;X;X;X;X;X;X;X;X;X;;X;X;X;;X;;X;X;X;
Space(20);;X;X;X;X;X;X;X;X;X;X;X;X;X;;X;X;X;;X;;X;X;X;
Road(21);;X;X;X;X;X;X;X;X;X;X;X;X;X;;X;X;X;;X;;X;X;X;
VFXPhysicsActive(22);;X;;X;;;;;;;;;;;;X;X;X;;X;;X;X;X;
Reflector(23);;X;X;X;X;X;X;X;X;X;X;X;X;X;X;X;X;X;;X;;X;X;X;
Head(24);;X;X;X;X;X;X;X;X;X;X;X;X;X;X;X;X;X;;X;;X;X;X;
Starmap(25);;X;X;X;X;X;X;X;X;X;X;X;X;X;X;X;X;X;;X;;X;X;X;
NoCollision(26);;;;;;;;;;;;;;;;;;;X;X;;X;X;X;
NewTerrain(27);X;X;X;X;X;X;X;X;X;X;X;X;X;X;X;X;X;X;X;X;;X;X;X;
ForceMouseEvents(28);;;;;;;;;;;;;;;;;;;;;;X;X;X;
(29);X;X;X;X;X;X;X;X;X;X;X;X;X;X;X;X;X;X;X;X;X;X;X;X;
(30);X;X;X;X;X;X;X;X;X;X;X;X;X;X;X;X;X;X;X;X;X;X;X;X;
(31);X;X;X;X;X;X;X;X;X;X;X;X;X;X;X;X;X;X;X;X;X;X;X;X;
[11:29:21.765]WPState:BattleTech.UI.CombatHUDWeaponPanel+WPState
 None
 Off
 Loading
 Loaded
 Unloading
[11:29:22.797]FinishedLoading
Auras WeaponDef:Weapon_MachineGun_AMS_3-Hydra
Error:Newtonsoft.Json.JsonReaderException: After parsing a value an unexpected character was encountered: ". Path 'CriticalComponent', line 46, position 4.
  at Newtonsoft.Json.JsonTextReader.ParsePostValue (System.Boolean ignoreComments) [0x00182] in <bcfe3779d9974effb214d2a48329f488>:0 
  at Newtonsoft.Json.JsonTextReader.Read () [0x0005a] in <bcfe3779d9974effb214d2a48329f488>:0 
  at Newtonsoft.Json.Linq.JContainer.ReadContentFrom (Newtonsoft.Json.JsonReader r, Newtonsoft.Json.Linq.JsonLoadSettings settings) [0x00226] in <bcfe3779d9974effb214d2a48329f488>:0 
  at Newtonsoft.Json.Linq.JContainer.ReadTokenFrom (Newtonsoft.Json.JsonReader reader, Newtonsoft.Json.Linq.JsonLoadSettings options) [0x00030] in <bcfe3779d9974effb214d2a48329f488>:0 
  at Newtonsoft.Json.Linq.JObject.Load (Newtonsoft.Json.JsonReader reader, Newtonsoft.Json.Linq.JsonLoadSettings settings) [0x0006a] in <bcfe3779d9974effb214d2a48329f488>:0 
  at Newtonsoft.Json.Linq.JObject.Parse (System.String json, Newtonsoft.Json.Linq.JsonLoadSettings settings) [0x0000c] in <bcfe3779d9974effb214d2a48329f488>:0 
  at Newtonsoft.Json.Linq.JObject.Parse (System.String json) [0x00000] in <bcfe3779d9974effb214d2a48329f488>:0 
  at CustAmmoCategoriesPatches.UpgradeDef_FromJSONAuras.Prefix (BattleTech.MechComponentDef __instance, System.String& json) [0x00002] in <ca3a9838cd234c98a3140187e12eb74a>:0 
IN:{

	"Custom": {
		"Category" : [
			{"CategoryID": "Cockpit"},
			{"CategoryID": "SensorsB"},
			{"CategoryID": "LifeSupportB"},
		],
		"WorkOrderCosts": {
			"Install": {
				"TechCost": "[[Chassis.Tonnage]]/10",
				"CBillCost": "[[Chassis.Tonnage]] * 1.1"
			}
		},
		"Flags": {
			"Flags": ["not_broken", "no_salvage"]
		}
	},

    "StatName" : null,
    "RelativeModifier" : 0,
    "AbsoluteModifier" : 0,
    "Description" : {
        "Cost" : 870000,
        "Rarity" : 5,
        "Purchasable" : true,
        "Manufacturer" : "SLDF",
        "Model" : "Advanced",
        "UIName" : "Cockpit SLIC",
        "Id" : "Gear_Cockpit_SLDF_Custom",
        "Name" : "SLDF SpecOps Cockpit  ",
        "Details" : "This SpecOps tactical upgrade includes a high-grade ballistic cooling vest, an integrated C3 command helmet, and advanced onboard systems, providing both improved sensor capability as well as protection for the pilot. ",
        "Icon" : "uixSvgIcon_equipment_Comms"
    },
    "BonusValueA" : "+1 Health/Morale.",
    "BonusValueB" : "+20% Sensors/Sight",
    "ComponentType" : "Upgrade",
    "ComponentSubType" : "NotSet",
    "PrefabIdentifier" : "",
    "BattleValue" : 0,
    "InventorySize" : 3,
    "Tonnage" : 3,
    "AllowedLocations" : "Head",
    "DisallowedLocations" : "All",
    "CriticalComponent" : false
    "statusEffects" : [
        {
            "durationData" : {
                "duration" : -1,
                "ticksOnActivations" : false,
                "useActivationsOfTarget" : false,
                "ticksOnEndOfRound" : false,
                "ticksOnMovements" : false,
                "stackLimit" : -1,
                "clearedWhenAttacked" : false
            },
            "targetingData" : {
                "effectTriggerType" : "Passive",
                "triggerLimit" : 0,
                "extendDurationOnTrigger" : 0,
                "specialRules" : "NotSet",
                "effectTargetType" : "Creator",
                "range" : 0,
                "forcePathRebuild" : false,
                "forceVisRebuild" : false,
                "showInTargetPreview" : false,
                "showInStatusPanel" : false
            },
            "effectType" : "StatisticEffect",
            "Description" : {
                "Id" : "SLIC-Morale_Gain-T1",
                "Name" : "SLIC Black Ops",
                "Details" : "SLIC Black Ops Cockpit Specs.",
                "Icon" : "uixSvgIcon_equipment_Cockpit"
            },
            "nature" : "Buff",
            "statisticData" : {
                "appliesEachTick" : false,
                "effectsPersistAfterDestruction" : false,
                "statName" : "MoraleBonusGain",
                "operation" : "Int_Add",
                "modValue" : "1",
                "modType" : "System.Int32",
                "additionalRules" : "NotSet",
                "targetCollection" : "NotSet",
                "targetWeaponCategory" : "NotSet",
                "targetWeaponType" : "NotSet",
                "targetAmmoCategory" : "NotSet",
                "targetWeaponSubType" : "NotSet"
            },
            "tagData" : null,
            "floatieData" : null,
            "actorBurningData" : null,
            "vfxData" : null,
            "instantModData" : null,
            "poorlyMaintainedEffectData" : null
        },	
        {
            "durationData" : {
                "duration" : -1,
                "ticksOnActivations" : false,
                "useActivationsOfTarget" : false,
                "ticksOnEndOfRound" : false,
                "ticksOnMovements" : false,
                "stackLimit" : -1,
                "clearedWhenAttacked" : false
            },
            "targetingData" : {
                "effectTriggerType" : "Passive",
                "triggerLimit" : 0,
                "extendDurationOnTrigger" : 0,
                "specialRules" : "NotSet",
                "effectTargetType" : "Creator",
                "range" : 0,
                "forcePathRebuild" : false,
                "forceVisRebuild" : false,
                "showInTargetPreview" : false,
                "showInStatusPanel" : true
            },
            "effectType" : "StatisticEffect",
            "Description" : {
                "Id" : "SLIC-BLACKOPS",
                "Name" : "SLIC Black Ops",
                "Details" : "Increased Sight/Sensors/Health.",
                "Icon" : "uixSvgIcon_equipment_Cockpit"
            },
            "nature" : "Buff",
            "statisticData" : {
                "appliesEachTick" : false,
                "effectsPersistAfterDestruction" : false,
                "statName" : "SensorDistanceAbsolute",
                "operation" : "Float_Multiply",
                "modValue" : "1.2",
                "modType" : "System.Single",
                "additionalRules" : "NotSet",
                "targetCollection" : "NotSet",
                "targetWeaponCategory" : "NotSet",
                "targetWeaponType" : "NotSet",
                "targetAmmoCategory" : "NotSet",
                "targetWeaponSubType" : "NotSet"
            },
            "tagData" : null,
            "floatieData" : null,
            "actorBurningData" : null,
            "vfxData" : null,
            "instantModData" : null,
            "poorlyMaintainedEffectData" : null
        },
        {
            "durationData" : {
                "duration" : -1,
                "ticksOnActivations" : false,
                "useActivationsOfTarget" : false,
                "ticksOnEndOfRound" : false,
                "ticksOnMovements" : false,
                "stackLimit" : -1,
                "clearedWhenAttacked" : false
            },
            "targetingData" : {
                "effectTriggerType" : "Passive",
                "triggerLimit" : 0,
                "extendDurationOnTrigger" : 0,
                "specialRules" : "NotSet",
                "effectTargetType" : "Creator",
                "range" : 0,
                "forcePathRebuild" : false,
                "forceVisRebuild" : false,
                "showInTargetPreview" : false,
                "showInStatusPanel" : false
            },
            "effectType" : "StatisticEffect",
            "Description" : {
                "Id" : "SLIC-Pilot_HealthAdd-T1",
                "Name" : "MAX INJURIES INCREASED",
                "Details" : "Prevents 1 Injuries against a MechWarrior.",
                "Icon" : "uixSvgIcon_equipment_Cockpit"
            },
            "nature" : "Buff",
            "statisticData" : {
                "appliesEachTick" : false,
                "effectsPersistAfterDestruction" : false,
                "statName" : "BonusHealth",
                "operation" : "Int_Add",
                "modValue" : "1",
                "modType" : "System.Int32",
                "additionalRules" : "NotSet",
                "targetCollection" : "Pilot",
                "targetWeaponCategory" : "NotSet",
                "targetWeaponType" : "NotSet",
                "targetAmmoCategory" : "NotSet",
                "targetWeaponSubType" : "NotSet"
            },
            "tagData" : null,
            "floatieData" : null,
            "actorBurningData" : null,
            "vfxData" : null,
            "instantModData" : null,
            "poorlyMaintainedEffectData" : null
        },
        {
            "durationData" : {
                "duration" : -1,
                "ticksOnActivations" : false,
                "useActivationsOfTarget" : false,
                "ticksOnEndOfRound" : false,
                "ticksOnMovements" : false,
                "stackLimit" : -1,
                "clearedWhenAttacked" : false
            },
            "targetingData" : {
                "effectTriggerType" : "Passive",
                "triggerLimit" : 0,
                "extendDurationOnTrigger" : 0,
                "specialRules" : "NotSet",
                "effectTargetType" : "Creator",
                "range" : 0,
                "forcePathRebuild" : false,
                "forceVisRebuild" : false,
                "showInTargetPreview" : false,
                "showInStatusPanel" : false
            },
            "effectType" : "StatisticEffect",
            "Description" : {
                "Id" : "SLIC-Spotting_Gain-T1",
                "Name" : "SPOTTING DISTANCE INCREASED",
                "Details" : "Increases spotting distance by 50m.",
                "Icon" : "uixSvgIcon_equipment_Cockpit"
            },
            "nature" : "Buff",
            "statisticData" : {
                "appliesEachTick" : false,
                "effectsPersistAfterDestruction" : false,
                "statName" : "SpotterDistanceAbsolute",
                "operation" : "Float_Multiply",
                "modValue" : "1.2",
                "modType" : "System.Single",
                "additionalRules" : "NotSet",
                "targetCollection" : "NotSet",
                "targetWeaponCategory" : "NotSet",
                "targetWeaponType" : "NotSet",
                "targetAmmoCategory" : "NotSet",
                "targetWeaponSubType" : "NotSet"
            },
            "tagData" : null,
            "floatieData" : null,
            "actorBurningData" : null,
            "vfxData" : null,
            "instantModData" : null,
            "poorlyMaintainedEffectData" : null
        }	
    ],
    "ComponentTags" : {
        "items" : [
            "component_type_stock",
            "noautofix"
        ],
        "tagSetSourceFile" : ""
    }
}

DamageHelper Reset - new Mission
UnitSpawnPointGameLogic.initializeActor Dragon:PlayerLanceSpawnPoint1
AbstractActor.InitEffectStats Dragon:ec9d2280-ca9a-4d90-8a20-963d8a4c0a39.0
 StoodUpRollMod 0
 ArmAbsenceStoodUpMod -0,1
MechComponent.InitExplosionStats(ec9d2280-ca9a-4d90-8a20-963d8a4c0a39.0:Gear_Cockpit_LifeSupportA_Standard)
 not activatable
MechComponent.InitExplosionStats(ec9d2280-ca9a-4d90-8a20-963d8a4c0a39.0:emod_armorslots_standard)
 not activatable
MechComponent.InitExplosionStats(ec9d2280-ca9a-4d90-8a20-963d8a4c0a39.0:emod_leg_hip)
 not activatable
MechComponent.InitExplosionStats(ec9d2280-ca9a-4d90-8a20-963d8a4c0a39.0:emod_leg_hip)
 not activatable
MechComponent.InitExplosionStats(ec9d2280-ca9a-4d90-8a20-963d8a4c0a39.0:emod_arm_part_shoulder)
 not activatable
MechComponent.InitExplosionStats(ec9d2280-ca9a-4d90-8a20-963d8a4c0a39.0:emod_arm_part_shoulder)
 not activatable
MechComponent.InitExplosionStats(ec9d2280-ca9a-4d90-8a20-963d8a4c0a39.0:Gear_Cockpit_SensorsA_Standard)
 not activatable
MechComponent.InitExplosionStats(ec9d2280-ca9a-4d90-8a20-963d8a4c0a39.0:emod_structureslots_standard)
 not activatable
MechComponent.InitExplosionStats(ec9d2280-ca9a-4d90-8a20-963d8a4c0a39.0:emod_leg_upper)
 not activatable
MechComponent.InitExplosionStats(ec9d2280-ca9a-4d90-8a20-963d8a4c0a39.0:emod_leg_upper)
 not activatable
MechComponent.InitExplosionStats(ec9d2280-ca9a-4d90-8a20-963d8a4c0a39.0:emod_arm_part_upper)
 not activatable
MechComponent.InitExplosionStats(ec9d2280-ca9a-4d90-8a20-963d8a4c0a39.0:emod_arm_part_upper)
 not activatable
MechComponent.InitExplosionStats(ec9d2280-ca9a-4d90-8a20-963d8a4c0a39.0:Gear_Cockpit_Generic_Standard)
 not activatable
MechComponent.InitExplosionStats(ec9d2280-ca9a-4d90-8a20-963d8a4c0a39.0:emod_kit_shs)
 not activatable
MechComponent.InitExplosionStats(ec9d2280-ca9a-4d90-8a20-963d8a4c0a39.0:emod_leg_lower)
 not activatable
MechComponent.InitExplosionStats(ec9d2280-ca9a-4d90-8a20-963d8a4c0a39.0:emod_leg_lower)
 not activatable
MechComponent.InitExplosionStats(ec9d2280-ca9a-4d90-8a20-963d8a4c0a39.0:emod_arm_part_lower)
 not activatable
MechComponent.InitExplosionStats(ec9d2280-ca9a-4d90-8a20-963d8a4c0a39.0:emod_arm_part_lower)
 not activatable
MechComponent.InitExplosionStats(ec9d2280-ca9a-4d90-8a20-963d8a4c0a39.0:Gear_Cockpit_SensorsB_Standard)
 not activatable
MechComponent.InitExplosionStats(ec9d2280-ca9a-4d90-8a20-963d8a4c0a39.0:Gear_Gyro_Generic_Standard)
 not activatable
MechComponent.InitExplosionStats(ec9d2280-ca9a-4d90-8a20-963d8a4c0a39.0:emod_leg_foot)
 not activatable
MechComponent.InitExplosionStats(ec9d2280-ca9a-4d90-8a20-963d8a4c0a39.0:emod_leg_foot)
 not activatable
MechComponent.InitExplosionStats(ec9d2280-ca9a-4d90-8a20-963d8a4c0a39.0:Gear_Cockpit_LifeSupportB_Standard)
 not activatable
MechComponent.InitExplosionStats(ec9d2280-ca9a-4d90-8a20-963d8a4c0a39.0:emod_engineslots_std_center)
 not activatable
MechComponent.InitExplosionStats(ec9d2280-ca9a-4d90-8a20-963d8a4c0a39.0:emod_engine_cooling)
 not activatable
MechComponent.InitExplosionStats(ec9d2280-ca9a-4d90-8a20-963d8a4c0a39.0:emod_engine_300)
 not activatable
MechComponent.InitExplosionStats(ec9d2280-ca9a-4d90-8a20-963d8a4c0a39.0:Weapon_Laser_MediumLaser_0-STOCK)
 not activatable
MechComponent.InitExplosionStats(ec9d2280-ca9a-4d90-8a20-963d8a4c0a39.0:Weapon_Laser_MediumLaser_0-STOCK)
 not activatable
MechComponent.InitExplosionStats(ec9d2280-ca9a-4d90-8a20-963d8a4c0a39.0:Ammo_AmmunitionBox_Generic_LRM)
 not activatable
MechComponent.InitExplosionStats(ec9d2280-ca9a-4d90-8a20-963d8a4c0a39.0:Ammo_AmmunitionBox_Generic_LRM)
 not activatable
MechComponent.InitExplosionStats(ec9d2280-ca9a-4d90-8a20-963d8a4c0a39.0:Weapon_LRM_LRM10_0-STOCK)
 not activatable
MechComponent.InitExplosionStats(ec9d2280-ca9a-4d90-8a20-963d8a4c0a39.0:Ammo_AmmunitionBox_Generic_AC5)
 not activatable
MechComponent.InitExplosionStats(ec9d2280-ca9a-4d90-8a20-963d8a4c0a39.0:Ammo_AmmunitionBox_Generic_AC5)
 not activatable
MechComponent.InitExplosionStats(ec9d2280-ca9a-4d90-8a20-963d8a4c0a39.0:Weapon_Autocannon_AC5_0-STOCK)
 not activatable
MechComponent.InitExplosionStats(ec9d2280-ca9a-4d90-8a20-963d8a4c0a39.0:Weapon_MeleeAttack)
 not activatable
MechComponent.InitExplosionStats(ec9d2280-ca9a-4d90-8a20-963d8a4c0a39.0:Weapon_DFAAttack)
 not activatable
UnitSpawnPointGameLogic.initializeActor Catapult:PlayerLanceSpawnPoint1
AbstractActor.InitEffectStats Catapult:bfdd72f9-395c-4cde-9f2b-dd28505242a1.0
 StoodUpRollMod 0
 ArmAbsenceStoodUpMod -0,1
MechComponent.InitExplosionStats(bfdd72f9-395c-4cde-9f2b-dd28505242a1.0:Gear_Cockpit_LifeSupportA_Standard)
 not activatable
MechComponent.InitExplosionStats(bfdd72f9-395c-4cde-9f2b-dd28505242a1.0:emod_armorslots_standard)
 not activatable
MechComponent.InitExplosionStats(bfdd72f9-395c-4cde-9f2b-dd28505242a1.0:emod_leg_hip)
 not activatable
MechComponent.InitExplosionStats(bfdd72f9-395c-4cde-9f2b-dd28505242a1.0:emod_leg_hip)
 not activatable
MechComponent.InitExplosionStats(bfdd72f9-395c-4cde-9f2b-dd28505242a1.0:emod_arm_part_shoulder)
 not activatable
MechComponent.InitExplosionStats(bfdd72f9-395c-4cde-9f2b-dd28505242a1.0:emod_arm_part_shoulder)
 not activatable
MechComponent.InitExplosionStats(bfdd72f9-395c-4cde-9f2b-dd28505242a1.0:Gear_Cockpit_SensorsA_Standard)
 not activatable
MechComponent.InitExplosionStats(bfdd72f9-395c-4cde-9f2b-dd28505242a1.0:emod_structureslots_standard)
 not activatable
MechComponent.InitExplosionStats(bfdd72f9-395c-4cde-9f2b-dd28505242a1.0:emod_leg_upper)
 not activatable
MechComponent.InitExplosionStats(bfdd72f9-395c-4cde-9f2b-dd28505242a1.0:emod_leg_upper)
 not activatable
MechComponent.InitExplosionStats(bfdd72f9-395c-4cde-9f2b-dd28505242a1.0:emod_arm_part_upper)
 not activatable
MechComponent.InitExplosionStats(bfdd72f9-395c-4cde-9f2b-dd28505242a1.0:emod_arm_part_upper)
 not activatable
MechComponent.InitExplosionStats(bfdd72f9-395c-4cde-9f2b-dd28505242a1.0:Gear_Cockpit_Generic_Standard)
 not activatable
MechComponent.InitExplosionStats(bfdd72f9-395c-4cde-9f2b-dd28505242a1.0:emod_kit_shs)
 not activatable
MechComponent.InitExplosionStats(bfdd72f9-395c-4cde-9f2b-dd28505242a1.0:emod_leg_lower)
 not activatable
MechComponent.InitExplosionStats(bfdd72f9-395c-4cde-9f2b-dd28505242a1.0:emod_leg_lower)
 not activatable
MechComponent.InitExplosionStats(bfdd72f9-395c-4cde-9f2b-dd28505242a1.0:emod_arm_part_lower)
 not activatable
MechComponent.InitExplosionStats(bfdd72f9-395c-4cde-9f2b-dd28505242a1.0:emod_arm_part_lower)
 not activatable
MechComponent.InitExplosionStats(bfdd72f9-395c-4cde-9f2b-dd28505242a1.0:Gear_Cockpit_SensorsB_Standard)
 not activatable
MechComponent.InitExplosionStats(bfdd72f9-395c-4cde-9f2b-dd28505242a1.0:Gear_Gyro_Generic_Standard)
 not activatable
MechComponent.InitExplosionStats(bfdd72f9-395c-4cde-9f2b-dd28505242a1.0:emod_leg_foot)
 not activatable
MechComponent.InitExplosionStats(bfdd72f9-395c-4cde-9f2b-dd28505242a1.0:emod_leg_foot)
 not activatable
MechComponent.InitExplosionStats(bfdd72f9-395c-4cde-9f2b-dd28505242a1.0:emod_arm_part_hand)
 not activatable
MechComponent.InitExplosionStats(bfdd72f9-395c-4cde-9f2b-dd28505242a1.0:emod_arm_part_hand)
 not activatable
MechComponent.InitExplosionStats(bfdd72f9-395c-4cde-9f2b-dd28505242a1.0:Gear_Cockpit_LifeSupportB_Standard)
 not activatable
MechComponent.InitExplosionStats(bfdd72f9-395c-4cde-9f2b-dd28505242a1.0:emod_engineslots_std_center)
 not activatable
MechComponent.InitExplosionStats(bfdd72f9-395c-4cde-9f2b-dd28505242a1.0:emod_engine_cooling)
 not activatable
MechComponent.InitExplosionStats(bfdd72f9-395c-4cde-9f2b-dd28505242a1.0:emod_engine_260)
 not activatable
MechComponent.InitExplosionStats(bfdd72f9-395c-4cde-9f2b-dd28505242a1.0:Weapon_LRM_LRM20_0-STOCK)
 StatusEffectsCollections 0
MechComponent.InitExplosionStats(bfdd72f9-395c-4cde-9f2b-dd28505242a1.0:Ammo_AmmunitionBox_Generic_LRM)
 not activatable
MechComponent.InitExplosionStats(bfdd72f9-395c-4cde-9f2b-dd28505242a1.0:Ammo_AmmunitionBox_Generic_LRM)
 not activatable
MechComponent.InitExplosionStats(bfdd72f9-395c-4cde-9f2b-dd28505242a1.0:Gear_JumpJet_Generic_Heavy)
 not activatable
MechComponent.InitExplosionStats(bfdd72f9-395c-4cde-9f2b-dd28505242a1.0:Gear_JumpJet_Generic_Heavy)
 not activatable
MechComponent.InitExplosionStats(bfdd72f9-395c-4cde-9f2b-dd28505242a1.0:Weapon_Laser_SmallLaser_0-STOCK)
 not activatable
MechComponent.InitExplosionStats(bfdd72f9-395c-4cde-9f2b-dd28505242a1.0:Weapon_Laser_SmallLaser_0-STOCK)
 not activatable
MechComponent.InitExplosionStats(bfdd72f9-395c-4cde-9f2b-dd28505242a1.0:Ammo_AmmunitionBox_Generic_LRM)
 not activatable
MechComponent.InitExplosionStats(bfdd72f9-395c-4cde-9f2b-dd28505242a1.0:Ammo_AmmunitionBox_Generic_LRM)
 not activatable
MechComponent.InitExplosionStats(bfdd72f9-395c-4cde-9f2b-dd28505242a1.0:Gear_JumpJet_Generic_Heavy)
 not activatable
MechComponent.InitExplosionStats(bfdd72f9-395c-4cde-9f2b-dd28505242a1.0:Gear_JumpJet_Generic_Heavy)
 not activatable
MechComponent.InitExplosionStats(bfdd72f9-395c-4cde-9f2b-dd28505242a1.0:Weapon_LRM_LRM20_0-STOCK)
 StatusEffectsCollections 0
MechComponent.InitExplosionStats(bfdd72f9-395c-4cde-9f2b-dd28505242a1.0:Weapon_MeleeAttack)
 not activatable
MechComponent.InitExplosionStats(bfdd72f9-395c-4cde-9f2b-dd28505242a1.0:Weapon_DFAAttack)
 not activatable
AddInWorldActorElements Dragon:ec9d2280-ca9a-4d90-8a20-963d8a4c0a39.0
Aura collider awake Dragon:ec9d2280-ca9a-4d90-8a20-963d8a4c0a39.0
 component: Gear_Cockpit_LifeSupportA_Standard functional:True
 component: emod_armorslots_standard functional:True
 component: emod_leg_hip functional:True
 component: emod_leg_hip functional:True
 component: emod_arm_part_shoulder functional:True
 component: emod_arm_part_shoulder functional:True
 component: Gear_Cockpit_SensorsA_Standard functional:True
 component: emod_structureslots_standard functional:True
 component: emod_leg_upper functional:True
 component: emod_leg_upper functional:True
 component: emod_arm_part_upper functional:True
 component: emod_arm_part_upper functional:True
 component: Gear_Cockpit_Generic_Standard functional:True
 component: emod_kit_shs functional:True
 component: emod_leg_lower functional:True
 component: emod_leg_lower functional:True
 component: emod_arm_part_lower functional:True
 component: emod_arm_part_lower functional:True
 component: Gear_Cockpit_SensorsB_Standard functional:True
 component: Gear_Gyro_Generic_Standard functional:True
 component: emod_leg_foot functional:True
 component: emod_leg_foot functional:True
 component: Gear_Cockpit_LifeSupportB_Standard functional:True
 component: emod_engineslots_std_center functional:True
 component: emod_engine_cooling functional:True
 component: emod_engine_300 functional:True
 component: Weapon_Laser_MediumLaser_0-STOCK functional:True
 component: Weapon_Laser_MediumLaser_0-STOCK functional:True
 component: Ammo_AmmunitionBox_Generic_LRM functional:True
 component: Ammo_AmmunitionBox_Generic_LRM functional:True
 component: Weapon_LRM_LRM10_0-STOCK functional:True
 component: Ammo_AmmunitionBox_Generic_AC5 functional:True
 component: Ammo_AmmunitionBox_Generic_AC5 functional:True
 component: Weapon_Autocannon_AC5_0-STOCK functional:True
AddInWorldActorElements Catapult:bfdd72f9-395c-4cde-9f2b-dd28505242a1.0
Aura collider awake Catapult:bfdd72f9-395c-4cde-9f2b-dd28505242a1.0
 component: Gear_Cockpit_LifeSupportA_Standard functional:True
 component: emod_armorslots_standard functional:True
 component: emod_leg_hip functional:True
 component: emod_leg_hip functional:True
 component: emod_arm_part_shoulder functional:True
 component: emod_arm_part_shoulder functional:True
 component: Gear_Cockpit_SensorsA_Standard functional:True
 component: emod_structureslots_standard functional:True
 component: emod_leg_upper functional:True
 component: emod_leg_upper functional:True
 component: emod_arm_part_upper functional:True
 component: emod_arm_part_upper functional:True
 component: Gear_Cockpit_Generic_Standard functional:True
 component: emod_kit_shs functional:True
 component: emod_leg_lower functional:True
 component: emod_leg_lower functional:True
 component: emod_arm_part_lower functional:True
 component: emod_arm_part_lower functional:True
 component: Gear_Cockpit_SensorsB_Standard functional:True
 component: Gear_Gyro_Generic_Standard functional:True
 component: emod_leg_foot functional:True
 component: emod_leg_foot functional:True
 component: emod_arm_part_hand functional:True
 component: emod_arm_part_hand functional:True
 component: Gear_Cockpit_LifeSupportB_Standard functional:True
 component: emod_engineslots_std_center functional:True
 component: emod_engine_cooling functional:True
 component: emod_engine_260 functional:True
 component: Weapon_LRM_LRM20_0-STOCK functional:True
 component: Ammo_AmmunitionBox_Generic_LRM functional:True
 component: Ammo_AmmunitionBox_Generic_LRM functional:True
 component: Gear_JumpJet_Generic_Heavy functional:True
 component: Gear_JumpJet_Generic_Heavy functional:True
 component: Weapon_Laser_SmallLaser_0-STOCK functional:True
 component: Weapon_Laser_SmallLaser_0-STOCK functional:True
 component: Ammo_AmmunitionBox_Generic_LRM functional:True
 component: Ammo_AmmunitionBox_Generic_LRM functional:True
 component: Gear_JumpJet_Generic_Heavy functional:True
 component: Gear_JumpJet_Generic_Heavy functional:True
 component: Weapon_LRM_LRM20_0-STOCK functional:True
 offline effects count: 0
 sprint:144
 walk:96
[11:31:51.504]Catapult statistic
 ArmorMultiplier:1
 StructureMultiplier:1
 BaseInitiative:4
 TurnRadius:90
 MaxJumpjets:6
 SpotterDistanceMultiplier:1
 SpotterDistanceAbsolute:0
 SpottingVisibilityMultiplier:1
 SpottingVisibilityAbsolute:0
 SensorDistanceMultiplier:1
 SensorDistanceAbsolute:0
 SensorSignatureModifier:0
 MinStability:0
 MaxStability:160
 UnsteadyThreshold:61
 MaxHeat:150
 OverheatLevel:42
 MinHeatNextActivation:-1
 HeatSinkCapacity:0
 IgnoreHeatToHitPenalties:False
 IgnoreHeatMovementPenalties:False
 EndMoveHeat:0
 WalkSpeed:96
 RunSpeed:144
 EngageRangeModifier:0
 DFASelfDamage:80
 DFACausesSelfUnsteady:True
 EvasivePipsGainedAdditional:1
 MeleeHitPushBackPhases:0
 HeadShotImmunity:False
 CurrentHeat:0
 Stability:0
 IsProne:False
 StabilityDefense.Terrain:0
 StabilityDefense.JumpingFalling:0
 StabilityDefense.TurningSprinting:0
 StabilityDefense.Collisions:0
 StabilityDefense.MeleeWeapon:0
 StabilityDefense.RangedWeapon:0
 ReceivedInstabilityMultiplier:1
 Head.Armor:45
 Head.Structure:16
 Head.DamageLevel:Functional
 CenterTorso.Armor:110
 CenterTorso.RearArmor:35
 CenterTorso.Structure:105
 CenterTorso.DamageLevel:Functional
 LeftTorso.Armor:85
 LeftTorso.RearArmor:30
 LeftTorso.Structure:75
 LeftTorso.DamageLevel:Functional
 RightTorso.Armor:85
 RightTorso.RearArmor:30
 RightTorso.Structure:75
 RightTorso.DamageLevel:Functional
 LeftArm.Armor:75
 LeftArm.Structure:50
 LeftArm.DamageLevel:Functional
 RightArm.Armor:75
 RightArm.Structure:50
 RightArm.DamageLevel:Functional
 LeftLeg.Armor:115
 LeftLeg.Structure:75
 LeftLeg.DamageLevel:Functional
 RightLeg.Armor:115
 RightLeg.Structure:75
 RightLeg.DamageLevel:Functional
 JumpCapacity:4
 JumpHeat:12
 MoveMultiplier:1
 CenterTorso.Accuracy:0
 Head.Accuracy:0
 LeftTorso.Accuracy:0
 LeftLeg.Accuracy:0
 RightTorso.Accuracy:0
 RightLeg.Accuracy:0
 LeftArm.Accuracy:-1
 RightArm.Accuracy:-1
 ReceiveShutdownInjury:False
 ReceiveHeatDamageInjury:False
 ToHitIndirectModifier:-1
 AccuracyModifier:0
 CriticalHitImmunity:False
 CriticalHitChanceReceivedMultiplier:1
 KnockdownImmunity:False
 CalledShotBonusMultiplier:1
 CanShootAfterSprinting:True
 CanMoveAfterShooting:False
 WeaponHeatMultiplier:1
 DamageReductionMultiplierAll:1
 DamageReductionMultiplierMelee:1
 DamageReductionMultiplierEnergy:1
 DamageReductionMultiplierBallistic:1
 DamageReductionMultiplierMissile:1
 DamageReductionMultiplierAntipersonnel:1
 IgnorePilotInjuries:False
 JumpDistanceMultiplier:1
 ToHitThisActor:0
 ToHitThisActorBallistic:0
 ToHitThisActorEnergy:0
 ToHitThisActorMissile:0
 ToHitThisActorSmall:0
 ToHitThisActorMelee:0
 ToHitThisActorDirectFire:0
 IsTargetingDummy:False
 GuaranteeNextBackHit:False
 GuaranteeUnhittable:False
 IsIndirectImmune:False
 HasActiveProbe:False
 GhostEffectStacks:0
 HasGhostSpotter:False
 MoraleBonusGain:0
 PrecisionStrike:False
 MaxEvasivePips:6
 DeferResetsInstability:False
 GuardedIsUpgraded:False
 EvasiveSafeFromSensorLock:False
 GainEntrenchedOnNormalMove:True
 IsCoolantVenting:False
 PhaseModifier:0
 PhaseModifierSelf:0
 CACAPProtection:False
 CACAoEDamageMult:1
 CACAPDamageMult:1
 CACIncomingHeatMult:1
 CACIncomingStabilityMult:1
 CACMinRangeAccuracyMod:0
 CACShortRangeAccuracyMod:0
 CACMediumRangeAccuracyMod:0
 CACLongRangeAccuracyMod:0
 CACExtraLongRangeAccuracyMod:0
 CACFlatJammingChance:0
 MinefieldDetection:1
 MinefieldIFF:0
 CUAllowPartialMovement:True
 CUAllowPartialSprint:False
 CUAllowRotateWhileJump:True
 CUFakeVehicle:False
 CUNavalUnit:False
 CUPathingUnaffected:False
 CAEStoodUpRollMod:0
 CAEArmAbsenceStoodUpMod:-0.1
 NoHeadDamage:False
 CAE_SENSORS_RANGE:90
 LV_TACTICS_MOD:2
 LV_CURRENT_ROUND_EW_CHECK:0
 LV_ECM_SHIELD:0
 LV_ECM_JAMMED:0
 LV_ADVANCED_SENSORS:0
 LV_PROBE_CARRIER:0
 LV_PROBE_PING:0
 LV_STEALTH:
 LV_MIMETIC:
 LV_MIMETIC_CURRENT_STEPS:0
 LV_HEAT_VISION:
 LV_ZOOM_VISION:
 LV_NARC:
 LV_TAG:
 LV_SHARES_VISION:False
 LV_NIGHT_VISION:False
 LV_DISABLE_SENSORS:2
 CBTBE_MovePenalty:0
 CBTBE_FirePenalty:0
 CBTBE_ActuatorDamage_Malus:0
 CBTBE_RunMultiMod:0
 CBTBE_HullBreachImmunity:True
 CBTBE_Charge_Attack_Mod:0
 CBTBE_Charge_Attacker_Damage_Mod:0
 CBTBE_Charge_Attacker_Damage_Multi:1
 CBTBE_Charge_Attacker_Instability_Mod:0
 CBTBE_Charge_Attacker_Instability_Multi:1
 CBTBE_Charge_Target_Damage_Mod:0
 CBTBE_Charge_Target_Damage_Multi:1
 CBTBE_Charge_Target_Instability_Mod:0
 CBTBE_Charge_Target_Instability_Multi:1
 CBTBE_Charge_Target_Damage_Reduction_Multi:1
 CBTBE_Charge_Target_Instability_Reduction_Multi:1
 CBTBE_DFA_Attack_Mod:0
 CBTBE_DFA_Attacker_Damage_Mod:0
 CBTBE_DFA_Attacker_Damage_Multi:1
 CBTBE_DFA_Attacker_Instability_Mod:0
 CBTBE_DFA_Attacker_Instability_Multi:1
 CBTBE_DFA_Target_Damage_Mod:0
 CBTBE_DFA_Target_Damage_Multi:1
 CBTBE_DFA_Target_Instability_Mod:0
 CBTBE_DFA_Target_Instability_Multi:1
 CBTBE_DFA_Target_Damage_Reduction_Multi:1
 CBTBE_DFA_Target_Instability_Reduction_Multi:1
 CBTBE_Kick_Attack_Mod:0
 CBTBE_Kick_Extra_Hits_Count:0
 CBTBE_Kick_Target_Damage_Mod:0
 CBTBE_Kick_Target_Damage_Multi:1
 CBTBE_Kick_Target_Instability_Mod:0
 CBTBE_Kick_Target_Instability_Multi:1
 CBTBE_Kick_Target_Damage_Reduction_Multi:1
 CBTBE_Kick_Target_Instability_Reduction_Multi:1
 CBTBE_Punch_Attack_Mod:0
 CBTBE_Punch_Extra_Hits_Count:0
 CBTBE_Punch_Target_Damage_Per_Attacker_Ton:0
 CBTBE_Punch_Target_Damage_Mod:0
 CBTBE_Punch_Target_Damage_Multi:1
 CBTBE_Punch_Target_Instability_Per_Attacker_Ton:0
 CBTBE_Punch_Target_Instability_Mod:0
 CBTBE_Punch_Target_Instability_Multi:1
 CBTBE_Punch_Target_Damage_Reduction_Multi:1
 CBTBE_Punch_Target_Instability_Reduction_Multi:1
 CBTBE_Punch_Is_Physical_Weapon:False
 CBTBE_Physical_Weapon_Ignore_Actuators:False
 CBTBE_Physical_Weapon_Location_Table:
 CBTBE_Physical_Weapon_Attack_Mod:0
 CBTBE_Physical_Weapon_Extra_Hits_Count:0
 CBTBE_Physical_Weapon_Target_Damage_Per_Attacker_Ton:0
 CBTBE_Physical_Weapon_Target_Damage_Mod:0
 CBTBE_Physical_Weapon_Target_Damage_Multi:1
 CBTBE_Physical_Weapon_Target_Instability_Per_Attacker_Ton:0
 CBTBE_Physical_Weapon_Target_Instability_Mod:0
 CBTBE_Physical_Weapon_Target_Instability_Multi:1
 CBTBE_Physical_Weapon_Target_Damage_Reduction_Multi:1
 CBTBE_Physical_Weapon_Target_Instability_Reduction_Multi:1
 CUPartialMovementSpent:0
 sprint:144
 walk:96
 offline effects count: 0
 sprint:144
 walk:96
[11:31:51.506]Catapult statistic
 ArmorMultiplier:1
 StructureMultiplier:1
 BaseInitiative:4
 TurnRadius:90
 MaxJumpjets:6
 SpotterDistanceMultiplier:1
 SpotterDistanceAbsolute:0
 SpottingVisibilityMultiplier:1
 SpottingVisibilityAbsolute:0
 SensorDistanceMultiplier:1
 SensorDistanceAbsolute:0
 SensorSignatureModifier:0
 MinStability:0
 MaxStability:160
 UnsteadyThreshold:61
 MaxHeat:150
 OverheatLevel:42
 MinHeatNextActivation:-1
 HeatSinkCapacity:0
 IgnoreHeatToHitPenalties:False
 IgnoreHeatMovementPenalties:False
 EndMoveHeat:0
 WalkSpeed:96
 RunSpeed:144
 EngageRangeModifier:0
 DFASelfDamage:80
 DFACausesSelfUnsteady:True
 EvasivePipsGainedAdditional:1
 MeleeHitPushBackPhases:0
 HeadShotImmunity:False
 CurrentHeat:0
 Stability:0
 IsProne:False
 StabilityDefense.Terrain:0
 StabilityDefense.JumpingFalling:0
 StabilityDefense.TurningSprinting:0
 StabilityDefense.Collisions:0
 StabilityDefense.MeleeWeapon:0
 StabilityDefense.RangedWeapon:0
 ReceivedInstabilityMultiplier:1
 Head.Armor:45
 Head.Structure:16
 Head.DamageLevel:Functional
 CenterTorso.Armor:110
 CenterTorso.RearArmor:35
 CenterTorso.Structure:105
 CenterTorso.DamageLevel:Functional
 LeftTorso.Armor:85
 LeftTorso.RearArmor:30
 LeftTorso.Structure:75
 LeftTorso.DamageLevel:Functional
 RightTorso.Armor:85
 RightTorso.RearArmor:30
 RightTorso.Structure:75
 RightTorso.DamageLevel:Functional
 LeftArm.Armor:75
 LeftArm.Structure:50
 LeftArm.DamageLevel:Functional
 RightArm.Armor:75
 RightArm.Structure:50
 RightArm.DamageLevel:Functional
 LeftLeg.Armor:115
 LeftLeg.Structure:75
 LeftLeg.DamageLevel:Functional
 RightLeg.Armor:115
 RightLeg.Structure:75
 RightLeg.DamageLevel:Functional
 JumpCapacity:4
 JumpHeat:12
 MoveMultiplier:1
 CenterTorso.Accuracy:0
 Head.Accuracy:0
 LeftTorso.Accuracy:0
 LeftLeg.Accuracy:0
 RightTorso.Accuracy:0
 RightLeg.Accuracy:0
 LeftArm.Accuracy:-1
 RightArm.Accuracy:-1
 ReceiveShutdownInjury:False
 ReceiveHeatDamageInjury:False
 ToHitIndirectModifier:-1
 AccuracyModifier:0
 CriticalHitImmunity:False
 CriticalHitChanceReceivedMultiplier:1
 KnockdownImmunity:False
 CalledShotBonusMultiplier:1
 CanShootAfterSprinting:True
 CanMoveAfterShooting:False
 WeaponHeatMultiplier:1
 DamageReductionMultiplierAll:1
 DamageReductionMultiplierMelee:1
 DamageReductionMultiplierEnergy:1
 DamageReductionMultiplierBallistic:1
 DamageReductionMultiplierMissile:1
 DamageReductionMultiplierAntipersonnel:1
 IgnorePilotInjuries:False
 JumpDistanceMultiplier:1
 ToHitThisActor:0
 ToHitThisActorBallistic:0
 ToHitThisActorEnergy:0
 ToHitThisActorMissile:0
 ToHitThisActorSmall:0
 ToHitThisActorMelee:0
 ToHitThisActorDirectFire:0
 IsTargetingDummy:False
 GuaranteeNextBackHit:False
 GuaranteeUnhittable:False
 IsIndirectImmune:False
 HasActiveProbe:False
 GhostEffectStacks:0
 HasGhostSpotter:False
 MoraleBonusGain:0
 PrecisionStrike:False
 MaxEvasivePips:6
 DeferResetsInstability:False
 GuardedIsUpgraded:False
 EvasiveSafeFromSensorLock:False
 GainEntrenchedOnNormalMove:True
 IsCoolantVenting:False
 PhaseModifier:0
 PhaseModifierSelf:0
 CACAPProtection:False
 CACAoEDamageMult:1
 CACAPDamageMult:1
 CACIncomingHeatMult:1
 CACIncomingStabilityMult:1
 CACMinRangeAccuracyMod:0
 CACShortRangeAccuracyMod:0
 CACMediumRangeAccuracyMod:0
 CACLongRangeAccuracyMod:0
 CACExtraLongRangeAccuracyMod:0
 CACFlatJammingChance:0
 MinefieldDetection:1
 MinefieldIFF:0
 CUAllowPartialMovement:True
 CUAllowPartialSprint:False
 CUAllowRotateWhileJump:True
 CUFakeVehicle:False
 CUNavalUnit:False
 CUPathingUnaffected:False
 CAEStoodUpRollMod:0
 CAEArmAbsenceStoodUpMod:-0.1
 NoHeadDamage:False
 CAE_SENSORS_RANGE:90
 LV_TACTICS_MOD:2
 LV_CURRENT_ROUND_EW_CHECK:0
 LV_ECM_SHIELD:0
 LV_ECM_JAMMED:0
 LV_ADVANCED_SENSORS:0
 LV_PROBE_CARRIER:0
 LV_PROBE_PING:0
 LV_STEALTH:
 LV_MIMETIC:
 LV_MIMETIC_CURRENT_STEPS:0
 LV_HEAT_VISION:
 LV_ZOOM_VISION:
 LV_NARC:
 LV_TAG:
 LV_SHARES_VISION:False
 LV_NIGHT_VISION:False
 LV_DISABLE_SENSORS:2
 CBTBE_MovePenalty:0
 CBTBE_FirePenalty:0
 CBTBE_ActuatorDamage_Malus:0
 CBTBE_RunMultiMod:0
 CBTBE_HullBreachImmunity:True
 CBTBE_Charge_Attack_Mod:0
 CBTBE_Charge_Attacker_Damage_Mod:0
 CBTBE_Charge_Attacker_Damage_Multi:1
 CBTBE_Charge_Attacker_Instability_Mod:0
 CBTBE_Charge_Attacker_Instability_Multi:1
 CBTBE_Charge_Target_Damage_Mod:0
 CBTBE_Charge_Target_Damage_Multi:1
 CBTBE_Charge_Target_Instability_Mod:0
 CBTBE_Charge_Target_Instability_Multi:1
 CBTBE_Charge_Target_Damage_Reduction_Multi:1
 CBTBE_Charge_Target_Instability_Reduction_Multi:1
 CBTBE_DFA_Attack_Mod:0
 CBTBE_DFA_Attacker_Damage_Mod:0
 CBTBE_DFA_Attacker_Damage_Multi:1
 CBTBE_DFA_Attacker_Instability_Mod:0
 CBTBE_DFA_Attacker_Instability_Multi:1
 CBTBE_DFA_Target_Damage_Mod:0
 CBTBE_DFA_Target_Damage_Multi:1
 CBTBE_DFA_Target_Instability_Mod:0
 CBTBE_DFA_Target_Instability_Multi:1
 CBTBE_DFA_Target_Damage_Reduction_Multi:1
 CBTBE_DFA_Target_Instability_Reduction_Multi:1
 CBTBE_Kick_Attack_Mod:0
 CBTBE_Kick_Extra_Hits_Count:0
 CBTBE_Kick_Target_Damage_Mod:0
 CBTBE_Kick_Target_Damage_Multi:1
 CBTBE_Kick_Target_Instability_Mod:0
 CBTBE_Kick_Target_Instability_Multi:1
 CBTBE_Kick_Target_Damage_Reduction_Multi:1
 CBTBE_Kick_Target_Instability_Reduction_Multi:1
 CBTBE_Punch_Attack_Mod:0
 CBTBE_Punch_Extra_Hits_Count:0
 CBTBE_Punch_Target_Damage_Per_Attacker_Ton:0
 CBTBE_Punch_Target_Damage_Mod:0
 CBTBE_Punch_Target_Damage_Multi:1
 CBTBE_Punch_Target_Instability_Per_Attacker_Ton:0
 CBTBE_Punch_Target_Instability_Mod:0
 CBTBE_Punch_Target_Instability_Multi:1
 CBTBE_Punch_Target_Damage_Reduction_Multi:1
 CBTBE_Punch_Target_Instability_Reduction_Multi:1
 CBTBE_Punch_Is_Physical_Weapon:False
 CBTBE_Physical_Weapon_Ignore_Actuators:False
 CBTBE_Physical_Weapon_Location_Table:
 CBTBE_Physical_Weapon_Attack_Mod:0
 CBTBE_Physical_Weapon_Extra_Hits_Count:0
 CBTBE_Physical_Weapon_Target_Damage_Per_Attacker_Ton:0
 CBTBE_Physical_Weapon_Target_Damage_Mod:0
 CBTBE_Physical_Weapon_Target_Damage_Multi:1
 CBTBE_Physical_Weapon_Target_Instability_Per_Attacker_Ton:0
 CBTBE_Physical_Weapon_Target_Instability_Mod:0
 CBTBE_Physical_Weapon_Target_Instability_Multi:1
 CBTBE_Physical_Weapon_Target_Damage_Reduction_Multi:1
 CBTBE_Physical_Weapon_Target_Instability_Reduction_Multi:1
 CUPartialMovementSpent:0
 sprint:144
 walk:96
Aura:Dragon:Sensors src:null state:Persistent 90->150 speed:12
Aura:Catapult:Sensors src:null state:Persistent 90->150 speed:12
Aura:Dragon:Sensors src:null state:Persistent 90->150 speed:12
Aura:Catapult:Sensors src:null state:Persistent 90->150 speed:12
AbstractActor.OnNewRound(Dragon:ec9d2280-ca9a-4d90-8a20-963d8a4c0a39.0)
 not AI
CommitDamageData Dragon:ec9d2280-ca9a-4d90-8a20-963d8a4c0a39.0
 DamagedLocations:
AbstractActor.OnNewRound(Catapult:bfdd72f9-395c-4cde-9f2b-dd28505242a1.0)
AI activatable coeffs:Catapult:bfdd72f9-395c-4cde-9f2b-dd28505242a1.0
 visible targets:0
 offenceCoeff:0
 deffenceCoeff:0
 heatCoeff:0
 overheatCoeff:0
 isAnyLocationExposed:False
Components:
 Gear_Cockpit_LifeSupportA_Standard
  can't be activated
 emod_armorslots_standard
  can't be activated
 emod_leg_hip
  can't be activated
 emod_leg_hip
  can't be activated
 emod_arm_part_shoulder
  can't be activated
 emod_arm_part_shoulder
  can't be activated
 Gear_Cockpit_SensorsA_Standard
  can't be activated
 emod_structureslots_standard
  can't be activated
 emod_leg_upper
  can't be activated
 emod_leg_upper
  can't be activated
 emod_arm_part_upper
  can't be activated
 emod_arm_part_upper
  can't be activated
 Gear_Cockpit_Generic_Standard
  can't be activated
 emod_kit_shs
  can't be activated
 emod_leg_lower
  can't be activated
 emod_leg_lower
  can't be activated
 emod_arm_part_lower
  can't be activated
 emod_arm_part_lower
  can't be activated
 Gear_Cockpit_SensorsB_Standard
  can't be activated
 Gear_Gyro_Generic_Standard
  can't be activated
 emod_leg_foot
  can't be activated
 emod_leg_foot
  can't be activated
 emod_arm_part_hand
  can't be activated
 emod_arm_part_hand
  can't be activated
 Gear_Cockpit_LifeSupportB_Standard
  can't be activated
 emod_engineslots_std_center
  can't be activated
 emod_engine_cooling
  can't be activated
 emod_engine_260
  can't be activated
 Weapon_LRM_LRM20_0-STOCK
  can't be activated
 Ammo_AmmunitionBox_Generic_LRM
  can't be activated
 Ammo_AmmunitionBox_Generic_LRM
  can't be activated
 Gear_JumpJet_Generic_Heavy
  can't be activated
 Gear_JumpJet_Generic_Heavy
  can't be activated
 Weapon_Laser_SmallLaser_0-STOCK
  can't be activated
 Weapon_Laser_SmallLaser_0-STOCK
  can't be activated
 Ammo_AmmunitionBox_Generic_LRM
  can't be activated
 Ammo_AmmunitionBox_Generic_LRM
  can't be activated
 Gear_JumpJet_Generic_Heavy
  can't be activated
 Gear_JumpJet_Generic_Heavy
  can't be activated
 Weapon_LRM_LRM20_0-STOCK
  can't be activated
Activation:
 Gear_Cockpit_LifeSupportA_Standard
  not active
 emod_armorslots_standard
  not active
 emod_leg_hip
  not active
 emod_leg_hip
  not active
 emod_arm_part_shoulder
  not active
 emod_arm_part_shoulder
  not active
 Gear_Cockpit_SensorsA_Standard
  not active
 emod_structureslots_standard
  not active
 emod_leg_upper
  not active
 emod_leg_upper
  not active
 emod_arm_part_upper
  not active
 emod_arm_part_upper
  not active
 Gear_Cockpit_Generic_Standard
  not active
 emod_kit_shs
  not active
 emod_leg_lower
  not active
 emod_leg_lower
  not active
 emod_arm_part_lower
  not active
 emod_arm_part_lower
  not active
 Gear_Cockpit_SensorsB_Standard
  not active
 Gear_Gyro_Generic_Standard
  not active
 emod_leg_foot
  not active
 emod_leg_foot
  not active
 emod_arm_part_hand
  not active
 emod_arm_part_hand
  not active
 Gear_Cockpit_LifeSupportB_Standard
  not active
 emod_engineslots_std_center
  not active
 emod_engine_cooling
  not active
 emod_engine_260
  not active
 Weapon_LRM_LRM20_0-STOCK
  deactivating
 Ammo_AmmunitionBox_Generic_LRM
  not active
 Ammo_AmmunitionBox_Generic_LRM
  not active
 Gear_JumpJet_Generic_Heavy
  not active
 Gear_JumpJet_Generic_Heavy
  not active
 Weapon_Laser_SmallLaser_0-STOCK
  not active
 Weapon_Laser_SmallLaser_0-STOCK
  not active
 Ammo_AmmunitionBox_Generic_LRM
  not active
 Ammo_AmmunitionBox_Generic_LRM
  not active
 Gear_JumpJet_Generic_Heavy
  not active
 Gear_JumpJet_Generic_Heavy
  not active
 Weapon_LRM_LRM20_0-STOCK
  deactivating
AI activatable time:2 msec
CommitDamageData Catapult:bfdd72f9-395c-4cde-9f2b-dd28505242a1.0
 DamagedLocations:
  Weapon_LRM_LRM20_0-STOCK:CustomActivatableEquipment.RepairTrigger:2
  Weapon_LRM_LRM20_0-STOCK:CustomActivatableEquipment.RepairTrigger:32
[11:31:59.429]CombatHUDEquipmentPanel.InitDisplayedEquipment unit:Dragon pilot:pilot_kbeta_paradise
 component:Gear_Cockpit_LifeSupportA_Standard
  not activatable
 component:emod_armorslots_standard
  not activatable
 component:emod_leg_hip
  not activatable
 component:emod_leg_hip
  not activatable
 component:emod_arm_part_shoulder
  not activatable
 component:emod_arm_part_shoulder
  not activatable
 component:Gear_Cockpit_SensorsA_Standard
  not activatable
 component:emod_structureslots_standard
  not activatable
 component:emod_leg_upper
  not activatable
 component:emod_leg_upper
  not activatable
 component:emod_arm_part_upper
  not activatable
 component:emod_arm_part_upper
  not activatable
 component:Gear_Cockpit_Generic_Standard
  not activatable
 component:emod_kit_shs
  not activatable
 component:emod_leg_lower
  not activatable
 component:emod_leg_lower
  not activatable
 component:emod_arm_part_lower
  not activatable
 component:emod_arm_part_lower
  not activatable
 component:Gear_Cockpit_SensorsB_Standard
  not activatable
 component:Gear_Gyro_Generic_Standard
  not activatable
 component:emod_leg_foot
  not activatable
 component:emod_leg_foot
  not activatable
 component:Gear_Cockpit_LifeSupportB_Standard
  not activatable
 component:emod_engineslots_std_center
  not activatable
 component:emod_engine_cooling
  not activatable
 component:emod_engine_300
  not activatable
 component:Weapon_Laser_MediumLaser_0-STOCK
  not activatable
 component:Weapon_Laser_MediumLaser_0-STOCK
  not activatable
 component:Ammo_AmmunitionBox_Generic_LRM
  not activatable
 component:Ammo_AmmunitionBox_Generic_LRM
  not activatable
 component:Weapon_LRM_LRM10_0-STOCK
  not activatable
 component:Ammo_AmmunitionBox_Generic_AC5
  not activatable
 component:Ammo_AmmunitionBox_Generic_AC5
  not activatable
 component:Weapon_Autocannon_AC5_0-STOCK
  not activatable
WARNING!Dragon:ec9d2280-ca9a-4d90-8a20-963d8a4c0a39.0 has no body to apply auras
WARNING!Dragon:ec9d2280-ca9a-4d90-8a20-963d8a4c0a39.0 has no body to apply auras
CombatHUDActionButton.ExecuteClick 'ID_ATTACKGROUND'/'BTN_Move' False
[11:32:01.807]CombatHUDSidePanelHoverElement.OnPointerClick ATTACK GROUND
[11:32:02.391]CombatHUDAttackModeSelector.ShowFireButton mode:Confirm
  at System.Environment.get_StackTrace () [0x00000] in <d7ac571ca2d04b2f981d0d886fa067cf>:0 
  at CustomActivatableEquipment.CombatHUDAttackModeSelector_ShowFireButton.Postfix (BattleTech.UI.CombatHUDAttackModeSelector __instance, BattleTech.UI.CombatHUDFireButton+FireMode mode, System.String additionalDetails, System.Boolean showHeatWarnings) [0x00000] in <ca3a9838cd234c98a3140187e12eb74a>:0 
  at BattleTech.UI.CombatHUDAttackModeSelector.ShowFireButton_Patch3 (System.Object , BattleTech.UI.CombatHUDFireButton+FireMode , System.String , System.Boolean ) [0x00000] in <029bfe22d2d74c8e8c8ded1619022103>:0 
  at BattleTech.UI.CombatHUD.ShowFireButton (BattleTech.UI.CombatHUDFireButton+FireMode mode, System.String additionalDetails, System.Boolean showHeatWarnings) [0x00000] in <029bfe22d2d74c8e8c8ded1619022103>:0 
  at BattleTech.UI.SelectionState.ShowFireButton (BattleTech.UI.CombatHUDFireButton+FireMode mode, System.String additionalDetails) [0x00000] in <029bfe22d2d74c8e8c8ded1619022103>:0 
  at CustAmmoCategories.SelectionStateCommandAttackGround.ProcessLeftClick (UnityEngine.Vector3 worldPos) [0x00000] in <ecc0b83c75b74e4a82ae061e99c224be>:0 
  at BattleTech.UI.CombatSelectionHandler.ProcessLeftClick (UnityEngine.Vector3 worldPos) [0x00000] in <029bfe22d2d74c8e8c8ded1619022103>:0 
  at BattleTech.UI.CombatSelectionHandler.ProcessInput_Patch1 (System.Object ) [0x00000] in <029bfe22d2d74c8e8c8ded1619022103>:0 
  at BattleTech.UI.CombatSelectionHandler.Update () [0x00000] in <029bfe22d2d74c8e8c8ded1619022103>:0 
