07:16:36.827 Assembly version: 0.8.10.0
07:16:36.827 ModDir is:D:\Games\BATTLETECH\Mods\CBTBehaviorsEnhanced
07:16:36.827 mod.json settings are:({"Debug":true,"Trace":false,"Features":{"BiomeBreaches":true,"PermanentEvasion":true,"StartupChecks":true},"Developer":{"ForceFallAfterJump":false,"ForceInvalidateAllMeleeAttacks":false,"DebugHeatToAdd":0},"ToHitSelfJumped":3,"CustomCategories":{"HipActuatorCategoryId":["LegHip"],"UpperLegActuatorCategoryId":["LegUpperActuator"],"LowerLegActuatorCategoryId":["LegLowerActuator"],"FootActuatorCategoryId":["LegFootActuator"],"ShoulderActuatorCategoryId":["ArmShoulder"],"UpperArmActuatorCategoryId":["ArmUpperActuator"],"LowerArmActuatorCategoryId":["ArmLowerActuator","OmniLowerActuator"],"HandActuatorCategoryId":["ArmHandActuator","OmniHandActuator"]},"Heat":{"Movement":{"15":-1,"30":-2,"45":-3,"60":-4,"75":-5,"93":-6,"111":-7,"129":-8,"147":-9},"Firing":{"24":1,"39":2,"51":3,"72":4,"99":5,"123":6,"144":7},"Shutdown":{"42":0.1,"54":0.3,"66":0.6,"78":0.8,"90":0.9,"102":1.0,"114":1.1,"126":1.2,"138":1.3,"150":-1},"Explosion":{"57":0.1,"69":0.2,"84":0.3,"105":0.4,"120":0.5,"135":0.6,"150":0.75},"PilotInjury":{"84":0.3,"117":0.6,"141":0.8},"SystemFailures":{"108":0.3,"132":0.6},"ShowLowOverheatAnim":42,"ShowExtremeOverheatAnim":90,"ShutdownFallThreshold":0.75,"MaxHeat":150,"WarnAtHeat":42},"Melee":{"Charge":{"AttackerDamagePerTargetTon":0.5,"TargetDamagePerAttackerTon":0.5,"AttackerInstabilityPerTargetTon":0.5,"TargetInstabilityPerAttackerTon":0.5,"DamageClusterDivisor":25.0,"UnsteadyAttackerOnHit":true,"UnsteadyAttackerOnMiss":true,"UnsteadyTargetOnHit":true},"DFA":{"AttackerDamagePerTargetTon":1.5,"TargetDamagePerAttackerTon":1.5,"AttackerInstabilityPerTargetTon":0.5,"TargetInstabilityPerAttackerTon":0.5,"DamageClusterDivisor":25.0,"UnsteadyAttackerOnHit":true,"UnsteadyAttackerOnMiss":true,"UnsteadyTargetOnHit":true},"Kick":{"BaseAttackBonus":-2,"LegActuatorDamageMalus":2,"FootActuatorDamageMalus":1,"TargetDamagePerAttackerTon":1,"TargetInstabilityPerAttackerTon":0.5,"LegActuatorDamageReduction":0.5,"UnsteadyAttackerOnHit":false,"UnsteadyAttackerOnMiss":true,"UnsteadyTargetOnHit":true},"PhysicalWeapon":{"ArmActuatorDamageMalus":2,"DefaultDamagePerAttackerTon":0.2,"DefaultInstabilityPerAttackerTon":0.2,"DefaultUnsteadyAttackerOnHit":false,"DefaultUnsteadyAttackerOnMiss":false,"DefaultUnsteadyTargetOnHit":false},"Punch":{"ArmActuatorDamageMalus":2,"HandActuatorDamageMalus":1,"TargetDamagePerAttackerTon":0.5,"TargetInstabilityPerAttackerTon":0.5,"ArmActuatorDamageReduction":0.5,"UnsteadyAttackerOnHit":false,"UnsteadyAttackerOnMiss":false,"UnsteadyTargetOnHit":false},"Turrets":{"DefaultTonnage":100.0,"LightTonnage":35.0,"MediumTonnage":55.0,"HeavyTonnage":75.0},"AllowMeleeFromSprint":true,"ProneTargetAttackModifier":-2,"ExtraHitsAverageAllDamage":true,"FilterCanUseInMeleeWeaponsByAttack":true}})
07:16:36.837 === MOD CONFIG BEGIN ===
07:16:36.837   Debug: True Trace: False
07:16:36.837   FEATURES => BiomeBreaches: True  PermanentEvasion: True  StartupChecks: True
07:16:36.837   ToHitSelfJumped: 3
07:16:36.837 
07:16:36.837 === CUSTOM CATEGORY OPTIONS ===
07:16:36.837   ShoulderActuatorCategoryId: 'ArmShoulder'  UpperArmActuatorCategoryId: 'ArmUpperActuator'  LowerArmActuatorCategoryId: 'ArmLowerActuator,OmniLowerActuator'  HandActuatorCategoryId: 'ArmHandActuator,OmniHandActuator'  
07:16:36.837   HipActuatorCategoryId: 'LegHip'  UpperLegActuatorCategoryId: 'LegUpperActuator'  LowerLegActuatorCategoryId: 'LegLowerActuator'  FootActuatorCategoryId: 'LegFootActuator'  
07:16:36.837 
07:16:36.837 === HEAT OPTIONS ===
07:16:36.838   Movement mods: 15 : -1, 30 : -2, 45 : -3, 60 : -4, 75 : -5, 93 : -6, 111 : -7, 129 : -8, 147 : -9, 
07:16:36.838   Firing mods: 24 : 1, 39 : 2, 51 : 3, 72 : 4, 99 : 5, 123 : 6, 144 : 7, 
07:16:36.838   Shutdown chances: 42 : 0,1, 54 : 0,3, 66 : 0,6, 78 : 0,8, 90 : 0,9, 102 : 1, 114 : 1,1, 126 : 1,2, 138 : 1,3, 150 : -1, 
07:16:36.838   Ammo Explosion chances: 57 : 0,1, 69 : 0,2, 84 : 0,3, 105 : 0,4, 120 : 0,5, 135 : 0,6, 150 : 0,75, 
07:16:36.838   Pilot Injury chances: 84 : 0,3, 117 : 0,6, 141 : 0,8, 
07:16:36.838   System Failure chances: 108 : 0,3, 132 : 0,6, 
07:16:36.838   ShowLowOverheatAnim: 42  ShowExtremeOverheatAnim: 90
07:16:36.839   ShutdownFallThreshold: 0,75
07:16:36.839   MaxHeat: 150  WarnAtHeat: 42
07:16:36.839 
07:16:36.839 === MELEE OPTIONS ===
07:16:36.839   ExtraHitsAverageAllDamage: True  ProneTargetAttackModifier: -2  FilterCanUseInMeleeWeaponsByAttack: True
07:16:36.839   -- CHARGE OPTIONS --
07:16:36.839   AttackerDamagePerTargetTon: 0,5  AttackerInstabilityPerTargetTon: 0,5
07:16:36.839   TargetDamagePerAttackerTon: 0,5  TargetInstabilityPerAttackerTon: 0,5
07:16:36.839   DamageClusterDivisor: 25
07:16:36.839   Unsteady => AttackerOnHit: True  AttackerOnMiss: True  TargetOnHit: True
07:16:36.839   TargetVehicleEvasionPipsRemoved: 4
07:16:36.839 
07:16:36.839   -- DFA OPTIONS --
07:16:36.839   AttackerDamagePerTargetTon: 1,5  AttackerInstabilityPerTargetTon: 0,5
07:16:36.839   TargetDamagePerAttackerTon: 1,5  TargetInstabilityPerAttackerTon: 0,5
07:16:36.839   DamageClusterDivisor: 25
07:16:36.839   Unsteady => AttackerOnHit: True  AttackerOnMiss: True  TargetOnHit: True
07:16:36.839   TargetVehicleEvasionPipsRemoved: 4
07:16:36.839 
07:16:36.839   -- KICK OPTIONS --
07:16:36.839   BaseAttackBonus: -2  LegActuatorDamageMalus: 2  FootActuatorDamageMalus: 1
07:16:36.839   TargetDamagePerAttackerTon: 1  TargetInstabilityPerAttackerTon: 0,5
07:16:36.839   LegActuatorDamageReduction: 0,5
07:16:36.839   Unsteady => AttackerOnHit: False  AttackerOnMiss: True  TargetOnHit: True
07:16:36.839   TargetVehicleEvasionPipsRemoved: 4
07:16:36.839 
07:16:36.839   -- PHYSICAL WEAPON OPTIONS --
07:16:36.839   DefaultDamagePerAttackTon: 0,2  DefaultInstabilityPerAttackerTon: 0,2
07:16:36.839   ArmActuatorDamageMalus: 2
07:16:36.839   Unsteady Default => AttackerOnHit: False  AttackerOnMiss: False  TargetOnHit: False
07:16:36.839   TargetVehicleEvasionPipsRemoved: 0
07:16:36.839 
07:16:36.839   -- PUNCH OPTIONS --
07:16:36.839   TargetDamagePerAttackerTon: 0,5  TargetInstabilityPerAttackerTon: 0,5
07:16:36.839   ArmActuatorDamageMalus: 2  HandActuatorDamageMalus: 1
07:16:36.839   ArmActuatorDamageReduction: 0,5
07:16:36.839   Unsteady => AttackerOnHit: False  AttackerOnMiss: False  TargetOnHit: False
07:16:36.839   TargetVehicleEvasionPipsRemoved: 0
07:16:36.839 
07:16:36.839   -- SWARM OPTIONS --
07:16:36.839 
07:16:36.839 === MOVE OPTIONS ===
07:16:36.839   MinimumMove: 40m  HeatMovePenalty: -24m  RunMulti: x1,5
07:16:36.839   FallAfterChances =>   Jump: 0,3  Run: 0,3
07:16:36.839   MPMetersPerHex: 24m
07:16:36.839 
07:16:36.839 === PILOTING OPTIONS ===
07:16:36.839   StabilityCheck: 0,3
07:16:36.839   DFAReductionMulti: x0,05  FallingDamagePerTenTons: 5
07:16:36.839 
07:16:36.839 === SKILL CHECKS OPTIONS ===
07:16:36.839   PilotingSkillMulti: x0,05  GutsSkillMulti: 0,05
07:16:36.839 === BREACHES OPTIONS ===
07:16:36.839   ThinAtmoCheck: 0,03  VacuumCheck: 0,17
07:16:36.839 
07:16:36.839 === MOD CONFIG END ===
07:16:36.839 INFO: No errors reading settings file.
07:16:38.875  -- Checking for RolePlayer Integration -- 
07:17:27.571 AA:IES entered- setting CanShootAfterSprinting for actor:Strix VTOL
07:17:27.577 Setting overheat threshold to 42 and maxHeat to 150 for actor:Strix VTOL___/PILOT_TANK_CREW2.DESCRIPTION.CALLSIGN/___7B9F1E30
07:17:27.754 AA:IES entered- setting CanShootAfterSprinting for actor:Urbiecopter
07:17:27.754 Setting overheat threshold to 42 and maxHeat to 150 for actor:Urbiecopter___/PILOT_TANK_CREW1.DESCRIPTION.CALLSIGN/___EC1A10DE
07:17:27.781 AA:IES entered- setting CanShootAfterSprinting for actor:Yellowjacket AC
07:17:27.781 Setting overheat threshold to 42 and maxHeat to 150 for actor:Yellowjacket AC___/PILOT_TANK_CREW3.DESCRIPTION.CALLSIGN/___57245CBC
07:17:27.810 AA:IES entered- setting CanShootAfterSprinting for actor:Strix VTOL
07:17:27.810 Setting overheat threshold to 42 and maxHeat to 150 for actor:Strix VTOL___/PILOT_TANK_CREW2.DESCRIPTION.CALLSIGN/___37443683
07:17:27.935 AA:IES entered- setting CanShootAfterSprinting for actor:Urbiecopter
07:17:27.935 Setting overheat threshold to 42 and maxHeat to 150 for actor:Urbiecopter___/PILOT_TANK_CREW1.DESCRIPTION.CALLSIGN/___67C4C2EB
07:17:27.962 AA:IES entered- setting CanShootAfterSprinting for actor:Yellowjacket AC
07:17:27.962 Setting overheat threshold to 42 and maxHeat to 150 for actor:Yellowjacket AC___/PILOT_TANK_CREW3.DESCRIPTION.CALLSIGN/___D48D4653
07:17:39.768 Interleaved mode set to: REMAIN_INTERLEAVED
07:17:39.768 Biome of highlandsSpring detected. No special behaviors.
07:17:44.761  == Checking units for contact with enemy ==
07:17:44.762  -- Unit: Strix VTOL___/PILOT_TANK_CREW2.DESCRIPTION.CALLSIGN/___7B9F1E30 hasContact: False  highestVisLevel => selfCache: None  parentCache: None
07:17:44.762  -- Unit: Urbiecopter___/PILOT_TANK_CREW1.DESCRIPTION.CALLSIGN/___EC1A10DE hasContact: False  highestVisLevel => selfCache: None  parentCache: None
07:17:44.762  -- Unit: Yellowjacket AC___/PILOT_TANK_CREW3.DESCRIPTION.CALLSIGN/___57245CBC hasContact: False  highestVisLevel => selfCache: None  parentCache: None
07:17:44.762  -- Unit: Strix VTOL___/PILOT_TANK_CREW2.DESCRIPTION.CALLSIGN/___37443683 hasContact: False  highestVisLevel => selfCache: None  parentCache: None
07:17:44.762  -- Unit: Urbiecopter___/PILOT_TANK_CREW1.DESCRIPTION.CALLSIGN/___67C4C2EB hasContact: False  highestVisLevel => selfCache: None  parentCache: None
07:17:44.762  -- Unit: Yellowjacket AC___/PILOT_TANK_CREW3.DESCRIPTION.CALLSIGN/___D48D4653 hasContact: False  highestVisLevel => selfCache: None  parentCache: None
07:17:44.762  == DONE ==
07:17:44.768  == Checking units for contact with enemy ==
07:17:44.768  -- Unit: Strix VTOL___/PILOT_TANK_CREW2.DESCRIPTION.CALLSIGN/___7B9F1E30 hasContact: False  highestVisLevel => selfCache: None  parentCache: None
07:17:44.768  -- Unit: Urbiecopter___/PILOT_TANK_CREW1.DESCRIPTION.CALLSIGN/___EC1A10DE hasContact: False  highestVisLevel => selfCache: None  parentCache: None
07:17:44.768  -- Unit: Yellowjacket AC___/PILOT_TANK_CREW3.DESCRIPTION.CALLSIGN/___57245CBC hasContact: False  highestVisLevel => selfCache: None  parentCache: None
07:17:44.768  -- Unit: Strix VTOL___/PILOT_TANK_CREW2.DESCRIPTION.CALLSIGN/___37443683 hasContact: False  highestVisLevel => selfCache: None  parentCache: None
07:17:44.768  -- Unit: Urbiecopter___/PILOT_TANK_CREW1.DESCRIPTION.CALLSIGN/___67C4C2EB hasContact: False  highestVisLevel => selfCache: None  parentCache: None
07:17:44.768  -- Unit: Yellowjacket AC___/PILOT_TANK_CREW3.DESCRIPTION.CALLSIGN/___D48D4653 hasContact: False  highestVisLevel => selfCache: None  parentCache: None
07:17:44.768  == DONE ==
07:17:44.843  == Checking units for contact with enemy ==
07:17:44.843  -- Unit: Strix VTOL___/PILOT_TANK_CREW2.DESCRIPTION.CALLSIGN/___7B9F1E30 hasContact: False  highestVisLevel => selfCache: None  parentCache: None
07:17:44.843  -- Unit: Urbiecopter___/PILOT_TANK_CREW1.DESCRIPTION.CALLSIGN/___EC1A10DE hasContact: False  highestVisLevel => selfCache: None  parentCache: None
07:17:44.843  -- Unit: Yellowjacket AC___/PILOT_TANK_CREW3.DESCRIPTION.CALLSIGN/___57245CBC hasContact: False  highestVisLevel => selfCache: None  parentCache: None
07:17:44.843  -- Unit: Strix VTOL___/PILOT_TANK_CREW2.DESCRIPTION.CALLSIGN/___37443683 hasContact: False  highestVisLevel => selfCache: None  parentCache: None
07:17:44.843  -- Unit: Urbiecopter___/PILOT_TANK_CREW1.DESCRIPTION.CALLSIGN/___67C4C2EB hasContact: False  highestVisLevel => selfCache: None  parentCache: None
07:17:44.843  -- Unit: Yellowjacket AC___/PILOT_TANK_CREW3.DESCRIPTION.CALLSIGN/___D48D4653 hasContact: False  highestVisLevel => selfCache: None  parentCache: None
07:17:44.843  == DONE ==
07:17:44.855  == Checking units for contact with enemy ==
07:17:44.855  -- Unit: Strix VTOL___/PILOT_TANK_CREW2.DESCRIPTION.CALLSIGN/___7B9F1E30 hasContact: False  highestVisLevel => selfCache: None  parentCache: None
07:17:44.855  -- Unit: Urbiecopter___/PILOT_TANK_CREW1.DESCRIPTION.CALLSIGN/___EC1A10DE hasContact: False  highestVisLevel => selfCache: None  parentCache: None
07:17:44.855  -- Unit: Yellowjacket AC___/PILOT_TANK_CREW3.DESCRIPTION.CALLSIGN/___57245CBC hasContact: False  highestVisLevel => selfCache: None  parentCache: None
07:17:44.855  -- Unit: Strix VTOL___/PILOT_TANK_CREW2.DESCRIPTION.CALLSIGN/___37443683 hasContact: False  highestVisLevel => selfCache: None  parentCache: None
07:17:44.855  -- Unit: Urbiecopter___/PILOT_TANK_CREW1.DESCRIPTION.CALLSIGN/___67C4C2EB hasContact: False  highestVisLevel => selfCache: None  parentCache: None
07:17:44.855  -- Unit: Yellowjacket AC___/PILOT_TANK_CREW3.DESCRIPTION.CALLSIGN/___D48D4653 hasContact: False  highestVisLevel => selfCache: None  parentCache: None
07:17:44.855  == DONE ==
07:17:44.858  == Checking units for contact with enemy ==
07:17:44.858  -- Unit: Strix VTOL___/PILOT_TANK_CREW2.DESCRIPTION.CALLSIGN/___7B9F1E30 hasContact: False  highestVisLevel => selfCache: None  parentCache: None
07:17:44.858  -- Unit: Urbiecopter___/PILOT_TANK_CREW1.DESCRIPTION.CALLSIGN/___EC1A10DE hasContact: False  highestVisLevel => selfCache: None  parentCache: None
07:17:44.858  -- Unit: Yellowjacket AC___/PILOT_TANK_CREW3.DESCRIPTION.CALLSIGN/___57245CBC hasContact: False  highestVisLevel => selfCache: None  parentCache: None
07:17:44.858  -- Unit: Strix VTOL___/PILOT_TANK_CREW2.DESCRIPTION.CALLSIGN/___37443683 hasContact: False  highestVisLevel => selfCache: None  parentCache: None
07:17:44.858  -- Unit: Urbiecopter___/PILOT_TANK_CREW1.DESCRIPTION.CALLSIGN/___67C4C2EB hasContact: False  highestVisLevel => selfCache: None  parentCache: None
07:17:44.858  -- Unit: Yellowjacket AC___/PILOT_TANK_CREW3.DESCRIPTION.CALLSIGN/___D48D4653 hasContact: False  highestVisLevel => selfCache: None  parentCache: None
07:17:44.858  == DONE ==
07:17:44.859  == Checking units for contact with enemy ==
07:17:44.859  -- Unit: Strix VTOL___/PILOT_TANK_CREW2.DESCRIPTION.CALLSIGN/___7B9F1E30 hasContact: False  highestVisLevel => selfCache: None  parentCache: None
07:17:44.859  -- Unit: Urbiecopter___/PILOT_TANK_CREW1.DESCRIPTION.CALLSIGN/___EC1A10DE hasContact: False  highestVisLevel => selfCache: None  parentCache: None
07:17:44.859  -- Unit: Yellowjacket AC___/PILOT_TANK_CREW3.DESCRIPTION.CALLSIGN/___57245CBC hasContact: False  highestVisLevel => selfCache: None  parentCache: None
07:17:44.859  -- Unit: Strix VTOL___/PILOT_TANK_CREW2.DESCRIPTION.CALLSIGN/___37443683 hasContact: False  highestVisLevel => selfCache: None  parentCache: None
07:17:44.859  -- Unit: Urbiecopter___/PILOT_TANK_CREW1.DESCRIPTION.CALLSIGN/___67C4C2EB hasContact: False  highestVisLevel => selfCache: None  parentCache: None
07:17:44.859  -- Unit: Yellowjacket AC___/PILOT_TANK_CREW3.DESCRIPTION.CALLSIGN/___D48D4653 hasContact: False  highestVisLevel => selfCache: None  parentCache: None
07:17:44.859  == DONE ==
07:17:44.861  == Checking units for contact with enemy ==
07:17:44.861  -- Unit: Strix VTOL___/PILOT_TANK_CREW2.DESCRIPTION.CALLSIGN/___7B9F1E30 hasContact: False  highestVisLevel => selfCache: None  parentCache: None
07:17:44.861  -- Unit: Urbiecopter___/PILOT_TANK_CREW1.DESCRIPTION.CALLSIGN/___EC1A10DE hasContact: False  highestVisLevel => selfCache: None  parentCache: None
07:17:44.861  -- Unit: Yellowjacket AC___/PILOT_TANK_CREW3.DESCRIPTION.CALLSIGN/___57245CBC hasContact: False  highestVisLevel => selfCache: None  parentCache: None
07:17:44.861  -- Unit: Strix VTOL___/PILOT_TANK_CREW2.DESCRIPTION.CALLSIGN/___37443683 hasContact: False  highestVisLevel => selfCache: None  parentCache: None
07:17:44.861  -- Unit: Urbiecopter___/PILOT_TANK_CREW1.DESCRIPTION.CALLSIGN/___67C4C2EB hasContact: False  highestVisLevel => selfCache: None  parentCache: None
07:17:44.861  -- Unit: Yellowjacket AC___/PILOT_TANK_CREW3.DESCRIPTION.CALLSIGN/___D48D4653 hasContact: False  highestVisLevel => selfCache: None  parentCache: None
07:17:44.861  == DONE ==
07:17:44.862  == Checking units for contact with enemy ==
07:17:44.862  -- Unit: Strix VTOL___/PILOT_TANK_CREW2.DESCRIPTION.CALLSIGN/___7B9F1E30 hasContact: False  highestVisLevel => selfCache: None  parentCache: None
07:17:44.862  -- Unit: Urbiecopter___/PILOT_TANK_CREW1.DESCRIPTION.CALLSIGN/___EC1A10DE hasContact: False  highestVisLevel => selfCache: None  parentCache: None
07:17:44.862  -- Unit: Yellowjacket AC___/PILOT_TANK_CREW3.DESCRIPTION.CALLSIGN/___57245CBC hasContact: False  highestVisLevel => selfCache: None  parentCache: None
07:17:44.862  -- Unit: Strix VTOL___/PILOT_TANK_CREW2.DESCRIPTION.CALLSIGN/___37443683 hasContact: False  highestVisLevel => selfCache: None  parentCache: None
07:17:44.862  -- Unit: Urbiecopter___/PILOT_TANK_CREW1.DESCRIPTION.CALLSIGN/___67C4C2EB hasContact: False  highestVisLevel => selfCache: None  parentCache: None
07:17:44.862  -- Unit: Yellowjacket AC___/PILOT_TANK_CREW3.DESCRIPTION.CALLSIGN/___D48D4653 hasContact: False  highestVisLevel => selfCache: None  parentCache: None
07:17:44.862  == DONE ==
07:17:46.559 Calculating heat check modifier for actor: Strix VTOL___/PILOT_TANK_CREW2.DESCRIPTION.CALLSIGN/___7B9F1E30
07:17:46.559 Actor: Strix VTOL___/PILOT_TANK_CREW2.DESCRIPTION.CALLSIGN/___7B9F1E30 has rawSkill: 4 normalized to 4
07:17:46.559   AdjustedSkill: 4 = actorSkill: 4 - malus: 0.
07:17:46.559   CheckMod: 0,2 = adjustedSkill: 4 * multi: 0,05
07:17:47.372 Calculating heat check modifier for actor: Strix VTOL___/PILOT_TANK_CREW2.DESCRIPTION.CALLSIGN/___7B9F1E30
07:17:47.372 Actor: Strix VTOL___/PILOT_TANK_CREW2.DESCRIPTION.CALLSIGN/___7B9F1E30 has rawSkill: 4 normalized to 4
07:17:47.372   AdjustedSkill: 4 = actorSkill: 4 - malus: 0.
07:17:47.372   CheckMod: 0,2 = adjustedSkill: 4 * multi: 0,05
07:17:47.416 Calculating heat check modifier for actor: Strix VTOL___/PILOT_TANK_CREW2.DESCRIPTION.CALLSIGN/___7B9F1E30
07:17:47.416 Actor: Strix VTOL___/PILOT_TANK_CREW2.DESCRIPTION.CALLSIGN/___7B9F1E30 has rawSkill: 4 normalized to 4
07:17:47.416   AdjustedSkill: 4 = actorSkill: 4 - malus: 0.
07:17:47.416   CheckMod: 0,2 = adjustedSkill: 4 * multi: 0,05
07:17:47.717 Calculating heat check modifier for actor: Strix VTOL___/PILOT_TANK_CREW2.DESCRIPTION.CALLSIGN/___7B9F1E30
07:17:47.717 Actor: Strix VTOL___/PILOT_TANK_CREW2.DESCRIPTION.CALLSIGN/___7B9F1E30 has rawSkill: 4 normalized to 4
07:17:47.717   AdjustedSkill: 4 = actorSkill: 4 - malus: 0.
07:17:47.717   CheckMod: 0,2 = adjustedSkill: 4 * multi: 0,05
07:17:47.976 Calculating heat check modifier for actor: Strix VTOL___/PILOT_TANK_CREW2.DESCRIPTION.CALLSIGN/___7B9F1E30
07:17:47.976 Actor: Strix VTOL___/PILOT_TANK_CREW2.DESCRIPTION.CALLSIGN/___7B9F1E30 has rawSkill: 4 normalized to 4
07:17:47.976   AdjustedSkill: 4 = actorSkill: 4 - malus: 0.
07:17:47.976   CheckMod: 0,2 = adjustedSkill: 4 * multi: 0,05
07:17:48.068 Calculating heat check modifier for actor: Strix VTOL___/PILOT_TANK_CREW2.DESCRIPTION.CALLSIGN/___7B9F1E30
07:17:48.068 Actor: Strix VTOL___/PILOT_TANK_CREW2.DESCRIPTION.CALLSIGN/___7B9F1E30 has rawSkill: 4 normalized to 4
07:17:48.068   AdjustedSkill: 4 = actorSkill: 4 - malus: 0.
07:17:48.068   CheckMod: 0,2 = adjustedSkill: 4 * multi: 0,05
07:17:48.232 Calculating heat check modifier for actor: Strix VTOL___/PILOT_TANK_CREW2.DESCRIPTION.CALLSIGN/___7B9F1E30
07:17:48.232 Actor: Strix VTOL___/PILOT_TANK_CREW2.DESCRIPTION.CALLSIGN/___7B9F1E30 has rawSkill: 4 normalized to 4
07:17:48.232   AdjustedSkill: 4 = actorSkill: 4 - malus: 0.
07:17:48.232   CheckMod: 0,2 = adjustedSkill: 4 * multi: 0,05
07:17:48.449 Calculating heat check modifier for actor: Strix VTOL___/PILOT_TANK_CREW2.DESCRIPTION.CALLSIGN/___7B9F1E30
07:17:48.449 Actor: Strix VTOL___/PILOT_TANK_CREW2.DESCRIPTION.CALLSIGN/___7B9F1E30 has rawSkill: 4 normalized to 4
07:17:48.449   AdjustedSkill: 4 = actorSkill: 4 - malus: 0.
07:17:48.449   CheckMod: 0,2 = adjustedSkill: 4 * multi: 0,05
07:17:48.767 Calculating heat check modifier for actor: Strix VTOL___/PILOT_TANK_CREW2.DESCRIPTION.CALLSIGN/___7B9F1E30
07:17:48.767 Actor: Strix VTOL___/PILOT_TANK_CREW2.DESCRIPTION.CALLSIGN/___7B9F1E30 has rawSkill: 4 normalized to 4
07:17:48.767   AdjustedSkill: 4 = actorSkill: 4 - malus: 0.
07:17:48.767   CheckMod: 0,2 = adjustedSkill: 4 * multi: 0,05
07:17:51.717 Calculating heat check modifier for actor: Strix VTOL___/PILOT_TANK_CREW2.DESCRIPTION.CALLSIGN/___7B9F1E30
07:17:51.717 Actor: Strix VTOL___/PILOT_TANK_CREW2.DESCRIPTION.CALLSIGN/___7B9F1E30 has rawSkill: 4 normalized to 4
07:17:51.717   AdjustedSkill: 4 = actorSkill: 4 - malus: 0.
07:17:51.717   CheckMod: 0,2 = adjustedSkill: 4 * multi: 0,05
07:17:52.032 Calculating heat check modifier for actor: Strix VTOL___/PILOT_TANK_CREW2.DESCRIPTION.CALLSIGN/___7B9F1E30
07:17:52.032 Actor: Strix VTOL___/PILOT_TANK_CREW2.DESCRIPTION.CALLSIGN/___7B9F1E30 has rawSkill: 4 normalized to 4
07:17:52.032   AdjustedSkill: 4 = actorSkill: 4 - malus: 0.
07:17:52.032   CheckMod: 0,2 = adjustedSkill: 4 * multi: 0,05
07:17:52.265 Calculating heat check modifier for actor: Strix VTOL___/PILOT_TANK_CREW2.DESCRIPTION.CALLSIGN/___7B9F1E30
07:17:52.265 Actor: Strix VTOL___/PILOT_TANK_CREW2.DESCRIPTION.CALLSIGN/___7B9F1E30 has rawSkill: 4 normalized to 4
07:17:52.265   AdjustedSkill: 4 = actorSkill: 4 - malus: 0.
07:17:52.265   CheckMod: 0,2 = adjustedSkill: 4 * multi: 0,05
07:17:52.482 Calculating heat check modifier for actor: Strix VTOL___/PILOT_TANK_CREW2.DESCRIPTION.CALLSIGN/___7B9F1E30
07:17:52.482 Actor: Strix VTOL___/PILOT_TANK_CREW2.DESCRIPTION.CALLSIGN/___7B9F1E30 has rawSkill: 4 normalized to 4
07:17:52.482   AdjustedSkill: 4 = actorSkill: 4 - malus: 0.
07:17:52.482   CheckMod: 0,2 = adjustedSkill: 4 * multi: 0,05
07:17:52.632 Calculating heat check modifier for actor: Strix VTOL___/PILOT_TANK_CREW2.DESCRIPTION.CALLSIGN/___7B9F1E30
07:17:52.632 Actor: Strix VTOL___/PILOT_TANK_CREW2.DESCRIPTION.CALLSIGN/___7B9F1E30 has rawSkill: 4 normalized to 4
07:17:52.632   AdjustedSkill: 4 = actorSkill: 4 - malus: 0.
07:17:52.632   CheckMod: 0,2 = adjustedSkill: 4 * multi: 0,05
07:17:52.732 Calculating heat check modifier for actor: Strix VTOL___/PILOT_TANK_CREW2.DESCRIPTION.CALLSIGN/___7B9F1E30
07:17:52.732 Actor: Strix VTOL___/PILOT_TANK_CREW2.DESCRIPTION.CALLSIGN/___7B9F1E30 has rawSkill: 4 normalized to 4
07:17:52.732   AdjustedSkill: 4 = actorSkill: 4 - malus: 0.
07:17:52.732   CheckMod: 0,2 = adjustedSkill: 4 * multi: 0,05
07:17:52.816 Calculating heat check modifier for actor: Strix VTOL___/PILOT_TANK_CREW2.DESCRIPTION.CALLSIGN/___7B9F1E30
07:17:52.816 Actor: Strix VTOL___/PILOT_TANK_CREW2.DESCRIPTION.CALLSIGN/___7B9F1E30 has rawSkill: 4 normalized to 4
07:17:52.816   AdjustedSkill: 4 = actorSkill: 4 - malus: 0.
07:17:52.816   CheckMod: 0,2 = adjustedSkill: 4 * multi: 0,05
07:17:52.883 Calculating heat check modifier for actor: Strix VTOL___/PILOT_TANK_CREW2.DESCRIPTION.CALLSIGN/___7B9F1E30
07:17:52.883 Actor: Strix VTOL___/PILOT_TANK_CREW2.DESCRIPTION.CALLSIGN/___7B9F1E30 has rawSkill: 4 normalized to 4
07:17:52.883   AdjustedSkill: 4 = actorSkill: 4 - malus: 0.
07:17:52.883   CheckMod: 0,2 = adjustedSkill: 4 * multi: 0,05
07:17:52.917 Calculating heat check modifier for actor: Strix VTOL___/PILOT_TANK_CREW2.DESCRIPTION.CALLSIGN/___7B9F1E30
07:17:52.917 Actor: Strix VTOL___/PILOT_TANK_CREW2.DESCRIPTION.CALLSIGN/___7B9F1E30 has rawSkill: 4 normalized to 4
07:17:52.917   AdjustedSkill: 4 = actorSkill: 4 - malus: 0.
07:17:52.917   CheckMod: 0,2 = adjustedSkill: 4 * multi: 0,05
07:17:52.965 Calculating heat check modifier for actor: Strix VTOL___/PILOT_TANK_CREW2.DESCRIPTION.CALLSIGN/___7B9F1E30
07:17:52.965 Actor: Strix VTOL___/PILOT_TANK_CREW2.DESCRIPTION.CALLSIGN/___7B9F1E30 has rawSkill: 4 normalized to 4
07:17:52.965   AdjustedSkill: 4 = actorSkill: 4 - malus: 0.
07:17:52.965   CheckMod: 0,2 = adjustedSkill: 4 * multi: 0,05
07:17:52.999 Calculating heat check modifier for actor: Strix VTOL___/PILOT_TANK_CREW2.DESCRIPTION.CALLSIGN/___7B9F1E30
07:17:52.999 Actor: Strix VTOL___/PILOT_TANK_CREW2.DESCRIPTION.CALLSIGN/___7B9F1E30 has rawSkill: 4 normalized to 4
07:17:52.999   AdjustedSkill: 4 = actorSkill: 4 - malus: 0.
07:17:52.999   CheckMod: 0,2 = adjustedSkill: 4 * multi: 0,05
07:17:53.082 Calculating heat check modifier for actor: Strix VTOL___/PILOT_TANK_CREW2.DESCRIPTION.CALLSIGN/___7B9F1E30
07:17:53.082 Actor: Strix VTOL___/PILOT_TANK_CREW2.DESCRIPTION.CALLSIGN/___7B9F1E30 has rawSkill: 4 normalized to 4
07:17:53.082   AdjustedSkill: 4 = actorSkill: 4 - malus: 0.
07:17:53.082   CheckMod: 0,2 = adjustedSkill: 4 * multi: 0,05
07:17:53.099 Calculating heat check modifier for actor: Strix VTOL___/PILOT_TANK_CREW2.DESCRIPTION.CALLSIGN/___7B9F1E30
07:17:53.099 Actor: Strix VTOL___/PILOT_TANK_CREW2.DESCRIPTION.CALLSIGN/___7B9F1E30 has rawSkill: 4 normalized to 4
07:17:53.099   AdjustedSkill: 4 = actorSkill: 4 - malus: 0.
07:17:53.099   CheckMod: 0,2 = adjustedSkill: 4 * multi: 0,05
07:17:53.181 Calculating heat check modifier for actor: Strix VTOL___/PILOT_TANK_CREW2.DESCRIPTION.CALLSIGN/___7B9F1E30
07:17:53.181 Actor: Strix VTOL___/PILOT_TANK_CREW2.DESCRIPTION.CALLSIGN/___7B9F1E30 has rawSkill: 4 normalized to 4
07:17:53.181   AdjustedSkill: 4 = actorSkill: 4 - malus: 0.
07:17:53.181   CheckMod: 0,2 = adjustedSkill: 4 * multi: 0,05
07:17:53.216 Calculating heat check modifier for actor: Strix VTOL___/PILOT_TANK_CREW2.DESCRIPTION.CALLSIGN/___7B9F1E30
07:17:53.216 Actor: Strix VTOL___/PILOT_TANK_CREW2.DESCRIPTION.CALLSIGN/___7B9F1E30 has rawSkill: 4 normalized to 4
07:17:53.216   AdjustedSkill: 4 = actorSkill: 4 - malus: 0.
07:17:53.216   CheckMod: 0,2 = adjustedSkill: 4 * multi: 0,05
07:17:53.250 Calculating heat check modifier for actor: Strix VTOL___/PILOT_TANK_CREW2.DESCRIPTION.CALLSIGN/___7B9F1E30
07:17:53.250 Actor: Strix VTOL___/PILOT_TANK_CREW2.DESCRIPTION.CALLSIGN/___7B9F1E30 has rawSkill: 4 normalized to 4
07:17:53.250   AdjustedSkill: 4 = actorSkill: 4 - malus: 0.
07:17:53.250   CheckMod: 0,2 = adjustedSkill: 4 * multi: 0,05
07:17:53.332 Calculating heat check modifier for actor: Strix VTOL___/PILOT_TANK_CREW2.DESCRIPTION.CALLSIGN/___7B9F1E30
07:17:53.332 Actor: Strix VTOL___/PILOT_TANK_CREW2.DESCRIPTION.CALLSIGN/___7B9F1E30 has rawSkill: 4 normalized to 4
07:17:53.332   AdjustedSkill: 4 = actorSkill: 4 - malus: 0.
07:17:53.332   CheckMod: 0,2 = adjustedSkill: 4 * multi: 0,05
07:17:53.750 Calculating heat check modifier for actor: Strix VTOL___/PILOT_TANK_CREW2.DESCRIPTION.CALLSIGN/___7B9F1E30
07:17:53.750 Actor: Strix VTOL___/PILOT_TANK_CREW2.DESCRIPTION.CALLSIGN/___7B9F1E30 has rawSkill: 4 normalized to 4
07:17:53.750   AdjustedSkill: 4 = actorSkill: 4 - malus: 0.
07:17:53.750   CheckMod: 0,2 = adjustedSkill: 4 * multi: 0,05
07:17:53.798 Calculating heat check modifier for actor: Strix VTOL___/PILOT_TANK_CREW2.DESCRIPTION.CALLSIGN/___7B9F1E30
07:17:53.798 Actor: Strix VTOL___/PILOT_TANK_CREW2.DESCRIPTION.CALLSIGN/___7B9F1E30 has rawSkill: 4 normalized to 4
07:17:53.798   AdjustedSkill: 4 = actorSkill: 4 - malus: 0.
07:17:53.798   CheckMod: 0,2 = adjustedSkill: 4 * multi: 0,05
07:17:53.899 Calculating heat check modifier for actor: Strix VTOL___/PILOT_TANK_CREW2.DESCRIPTION.CALLSIGN/___7B9F1E30
07:17:53.899 Actor: Strix VTOL___/PILOT_TANK_CREW2.DESCRIPTION.CALLSIGN/___7B9F1E30 has rawSkill: 4 normalized to 4
07:17:53.899   AdjustedSkill: 4 = actorSkill: 4 - malus: 0.
07:17:53.899   CheckMod: 0,2 = adjustedSkill: 4 * multi: 0,05
07:17:57.887 Calculating heat check modifier for actor: Strix VTOL___/PILOT_TANK_CREW2.DESCRIPTION.CALLSIGN/___7B9F1E30
07:17:57.887 Actor: Strix VTOL___/PILOT_TANK_CREW2.DESCRIPTION.CALLSIGN/___7B9F1E30 has rawSkill: 4 normalized to 4
07:17:57.887   AdjustedSkill: 4 = actorSkill: 4 - malus: 0.
07:17:57.887   CheckMod: 0,2 = adjustedSkill: 4 * multi: 0,05
07:17:57.999 Calculating heat check modifier for actor: Strix VTOL___/PILOT_TANK_CREW2.DESCRIPTION.CALLSIGN/___7B9F1E30
07:17:57.999 Actor: Strix VTOL___/PILOT_TANK_CREW2.DESCRIPTION.CALLSIGN/___7B9F1E30 has rawSkill: 4 normalized to 4
07:17:57.999   AdjustedSkill: 4 = actorSkill: 4 - malus: 0.
07:17:57.999   CheckMod: 0,2 = adjustedSkill: 4 * multi: 0,05
07:17:58.032 Calculating heat check modifier for actor: Strix VTOL___/PILOT_TANK_CREW2.DESCRIPTION.CALLSIGN/___7B9F1E30
07:17:58.032 Actor: Strix VTOL___/PILOT_TANK_CREW2.DESCRIPTION.CALLSIGN/___7B9F1E30 has rawSkill: 4 normalized to 4
07:17:58.032   AdjustedSkill: 4 = actorSkill: 4 - malus: 0.
07:17:58.032   CheckMod: 0,2 = adjustedSkill: 4 * multi: 0,05
07:17:58.465 Calculating heat check modifier for actor: Strix VTOL___/PILOT_TANK_CREW2.DESCRIPTION.CALLSIGN/___7B9F1E30
07:17:58.465 Actor: Strix VTOL___/PILOT_TANK_CREW2.DESCRIPTION.CALLSIGN/___7B9F1E30 has rawSkill: 4 normalized to 4
07:17:58.465   AdjustedSkill: 4 = actorSkill: 4 - malus: 0.
07:17:58.465   CheckMod: 0,2 = adjustedSkill: 4 * multi: 0,05
07:17:58.548 Calculating heat check modifier for actor: Strix VTOL___/PILOT_TANK_CREW2.DESCRIPTION.CALLSIGN/___7B9F1E30
07:17:58.548 Actor: Strix VTOL___/PILOT_TANK_CREW2.DESCRIPTION.CALLSIGN/___7B9F1E30 has rawSkill: 4 normalized to 4
07:17:58.548   AdjustedSkill: 4 = actorSkill: 4 - malus: 0.
07:17:58.548   CheckMod: 0,2 = adjustedSkill: 4 * multi: 0,05
07:17:58.582 Calculating heat check modifier for actor: Strix VTOL___/PILOT_TANK_CREW2.DESCRIPTION.CALLSIGN/___7B9F1E30
07:17:58.582 Actor: Strix VTOL___/PILOT_TANK_CREW2.DESCRIPTION.CALLSIGN/___7B9F1E30 has rawSkill: 4 normalized to 4
07:17:58.582   AdjustedSkill: 4 = actorSkill: 4 - malus: 0.
07:17:58.582   CheckMod: 0,2 = adjustedSkill: 4 * multi: 0,05
07:17:58.633 Calculating heat check modifier for actor: Strix VTOL___/PILOT_TANK_CREW2.DESCRIPTION.CALLSIGN/___7B9F1E30
07:17:58.633 Actor: Strix VTOL___/PILOT_TANK_CREW2.DESCRIPTION.CALLSIGN/___7B9F1E30 has rawSkill: 4 normalized to 4
07:17:58.633   AdjustedSkill: 4 = actorSkill: 4 - malus: 0.
07:17:58.633   CheckMod: 0,2 = adjustedSkill: 4 * multi: 0,05
07:17:58.698 Calculating heat check modifier for actor: Strix VTOL___/PILOT_TANK_CREW2.DESCRIPTION.CALLSIGN/___7B9F1E30
07:17:58.698 Actor: Strix VTOL___/PILOT_TANK_CREW2.DESCRIPTION.CALLSIGN/___7B9F1E30 has rawSkill: 4 normalized to 4
07:17:58.698   AdjustedSkill: 4 = actorSkill: 4 - malus: 0.
07:17:58.698   CheckMod: 0,2 = adjustedSkill: 4 * multi: 0,05
07:17:58.716 Calculating heat check modifier for actor: Strix VTOL___/PILOT_TANK_CREW2.DESCRIPTION.CALLSIGN/___7B9F1E30
07:17:58.716 Actor: Strix VTOL___/PILOT_TANK_CREW2.DESCRIPTION.CALLSIGN/___7B9F1E30 has rawSkill: 4 normalized to 4
07:17:58.716   AdjustedSkill: 4 = actorSkill: 4 - malus: 0.
07:17:58.716   CheckMod: 0,2 = adjustedSkill: 4 * multi: 0,05
07:17:58.814 Calculating heat check modifier for actor: Strix VTOL___/PILOT_TANK_CREW2.DESCRIPTION.CALLSIGN/___7B9F1E30
07:17:58.814 Actor: Strix VTOL___/PILOT_TANK_CREW2.DESCRIPTION.CALLSIGN/___7B9F1E30 has rawSkill: 4 normalized to 4
07:17:58.814   AdjustedSkill: 4 = actorSkill: 4 - malus: 0.
07:17:58.814   CheckMod: 0,2 = adjustedSkill: 4 * multi: 0,05
07:17:58.850 Calculating heat check modifier for actor: Strix VTOL___/PILOT_TANK_CREW2.DESCRIPTION.CALLSIGN/___7B9F1E30
07:17:58.850 Actor: Strix VTOL___/PILOT_TANK_CREW2.DESCRIPTION.CALLSIGN/___7B9F1E30 has rawSkill: 4 normalized to 4
07:17:58.850   AdjustedSkill: 4 = actorSkill: 4 - malus: 0.
07:17:58.850   CheckMod: 0,2 = adjustedSkill: 4 * multi: 0,05
07:17:59.083 Calculating heat check modifier for actor: Strix VTOL___/PILOT_TANK_CREW2.DESCRIPTION.CALLSIGN/___7B9F1E30
07:17:59.083 Actor: Strix VTOL___/PILOT_TANK_CREW2.DESCRIPTION.CALLSIGN/___7B9F1E30 has rawSkill: 4 normalized to 4
07:17:59.083   AdjustedSkill: 4 = actorSkill: 4 - malus: 0.
07:17:59.083   CheckMod: 0,2 = adjustedSkill: 4 * multi: 0,05
07:17:59.532 Calculating heat check modifier for actor: Strix VTOL___/PILOT_TANK_CREW2.DESCRIPTION.CALLSIGN/___7B9F1E30
07:17:59.532 Actor: Strix VTOL___/PILOT_TANK_CREW2.DESCRIPTION.CALLSIGN/___7B9F1E30 has rawSkill: 4 normalized to 4
07:17:59.532   AdjustedSkill: 4 = actorSkill: 4 - malus: 0.
07:17:59.532   CheckMod: 0,2 = adjustedSkill: 4 * multi: 0,05
07:17:59.651 Calculating heat check modifier for actor: Strix VTOL___/PILOT_TANK_CREW2.DESCRIPTION.CALLSIGN/___7B9F1E30
07:17:59.651 Actor: Strix VTOL___/PILOT_TANK_CREW2.DESCRIPTION.CALLSIGN/___7B9F1E30 has rawSkill: 4 normalized to 4
07:17:59.651   AdjustedSkill: 4 = actorSkill: 4 - malus: 0.
07:17:59.651   CheckMod: 0,2 = adjustedSkill: 4 * multi: 0,05
07:17:59.716 Calculating heat check modifier for actor: Strix VTOL___/PILOT_TANK_CREW2.DESCRIPTION.CALLSIGN/___7B9F1E30
07:17:59.716 Actor: Strix VTOL___/PILOT_TANK_CREW2.DESCRIPTION.CALLSIGN/___7B9F1E30 has rawSkill: 4 normalized to 4
07:17:59.716   AdjustedSkill: 4 = actorSkill: 4 - malus: 0.
07:17:59.716   CheckMod: 0,2 = adjustedSkill: 4 * multi: 0,05
07:17:59.849 Calculating heat check modifier for actor: Strix VTOL___/PILOT_TANK_CREW2.DESCRIPTION.CALLSIGN/___7B9F1E30
07:17:59.849 Actor: Strix VTOL___/PILOT_TANK_CREW2.DESCRIPTION.CALLSIGN/___7B9F1E30 has rawSkill: 4 normalized to 4
07:17:59.849   AdjustedSkill: 4 = actorSkill: 4 - malus: 0.
07:17:59.849   CheckMod: 0,2 = adjustedSkill: 4 * multi: 0,05
07:18:00.831 Calculating heat check modifier for actor: Strix VTOL___/PILOT_TANK_CREW2.DESCRIPTION.CALLSIGN/___7B9F1E30
07:18:00.832 Actor: Strix VTOL___/PILOT_TANK_CREW2.DESCRIPTION.CALLSIGN/___7B9F1E30 has rawSkill: 4 normalized to 4
07:18:00.832   AdjustedSkill: 4 = actorSkill: 4 - malus: 0.
07:18:00.832   CheckMod: 0,2 = adjustedSkill: 4 * multi: 0,05
07:18:00.965 Calculating heat check modifier for actor: Strix VTOL___/PILOT_TANK_CREW2.DESCRIPTION.CALLSIGN/___7B9F1E30
07:18:00.966 Actor: Strix VTOL___/PILOT_TANK_CREW2.DESCRIPTION.CALLSIGN/___7B9F1E30 has rawSkill: 4 normalized to 4
07:18:00.966   AdjustedSkill: 4 = actorSkill: 4 - malus: 0.
07:18:00.966   CheckMod: 0,2 = adjustedSkill: 4 * multi: 0,05
07:18:01.165 Calculating heat check modifier for actor: Strix VTOL___/PILOT_TANK_CREW2.DESCRIPTION.CALLSIGN/___7B9F1E30
07:18:01.165 Actor: Strix VTOL___/PILOT_TANK_CREW2.DESCRIPTION.CALLSIGN/___7B9F1E30 has rawSkill: 4 normalized to 4
07:18:01.165   AdjustedSkill: 4 = actorSkill: 4 - malus: 0.
07:18:01.165   CheckMod: 0,2 = adjustedSkill: 4 * multi: 0,05
07:18:01.216 Calculating heat check modifier for actor: Strix VTOL___/PILOT_TANK_CREW2.DESCRIPTION.CALLSIGN/___7B9F1E30
07:18:01.216 Actor: Strix VTOL___/PILOT_TANK_CREW2.DESCRIPTION.CALLSIGN/___7B9F1E30 has rawSkill: 4 normalized to 4
07:18:01.216   AdjustedSkill: 4 = actorSkill: 4 - malus: 0.
07:18:01.216   CheckMod: 0,2 = adjustedSkill: 4 * multi: 0,05
07:18:06.398 Calculating heat check modifier for actor: Strix VTOL___/PILOT_TANK_CREW2.DESCRIPTION.CALLSIGN/___7B9F1E30
07:18:06.398 Actor: Strix VTOL___/PILOT_TANK_CREW2.DESCRIPTION.CALLSIGN/___7B9F1E30 has rawSkill: 4 normalized to 4
07:18:06.398   AdjustedSkill: 4 = actorSkill: 4 - malus: 0.
07:18:06.398   CheckMod: 0,2 = adjustedSkill: 4 * multi: 0,05
07:18:06.434 Calculating heat check modifier for actor: Strix VTOL___/PILOT_TANK_CREW2.DESCRIPTION.CALLSIGN/___7B9F1E30
07:18:06.434 Actor: Strix VTOL___/PILOT_TANK_CREW2.DESCRIPTION.CALLSIGN/___7B9F1E30 has rawSkill: 4 normalized to 4
07:18:06.434   AdjustedSkill: 4 = actorSkill: 4 - malus: 0.
07:18:06.434   CheckMod: 0,2 = adjustedSkill: 4 * multi: 0,05
07:18:06.881 Calculating heat check modifier for actor: Strix VTOL___/PILOT_TANK_CREW2.DESCRIPTION.CALLSIGN/___7B9F1E30
07:18:06.881 Actor: Strix VTOL___/PILOT_TANK_CREW2.DESCRIPTION.CALLSIGN/___7B9F1E30 has rawSkill: 4 normalized to 4
07:18:06.881   AdjustedSkill: 4 = actorSkill: 4 - malus: 0.
07:18:06.881   CheckMod: 0,2 = adjustedSkill: 4 * multi: 0,05
07:18:07.233 Calculating heat check modifier for actor: Strix VTOL___/PILOT_TANK_CREW2.DESCRIPTION.CALLSIGN/___7B9F1E30
07:18:07.233 Actor: Strix VTOL___/PILOT_TANK_CREW2.DESCRIPTION.CALLSIGN/___7B9F1E30 has rawSkill: 4 normalized to 4
07:18:07.233   AdjustedSkill: 4 = actorSkill: 4 - malus: 0.
07:18:07.233   CheckMod: 0,2 = adjustedSkill: 4 * multi: 0,05
07:18:07.249 Calculating heat check modifier for actor: Strix VTOL___/PILOT_TANK_CREW2.DESCRIPTION.CALLSIGN/___7B9F1E30
07:18:07.249 Actor: Strix VTOL___/PILOT_TANK_CREW2.DESCRIPTION.CALLSIGN/___7B9F1E30 has rawSkill: 4 normalized to 4
07:18:07.249   AdjustedSkill: 4 = actorSkill: 4 - malus: 0.
07:18:07.249   CheckMod: 0,2 = adjustedSkill: 4 * multi: 0,05
07:18:07.266 Calculating heat check modifier for actor: Strix VTOL___/PILOT_TANK_CREW2.DESCRIPTION.CALLSIGN/___7B9F1E30
07:18:07.266 Actor: Strix VTOL___/PILOT_TANK_CREW2.DESCRIPTION.CALLSIGN/___7B9F1E30 has rawSkill: 4 normalized to 4
07:18:07.266   AdjustedSkill: 4 = actorSkill: 4 - malus: 0.
07:18:07.266   CheckMod: 0,2 = adjustedSkill: 4 * multi: 0,05
07:18:07.398 Calculating heat check modifier for actor: Strix VTOL___/PILOT_TANK_CREW2.DESCRIPTION.CALLSIGN/___7B9F1E30
07:18:07.398 Actor: Strix VTOL___/PILOT_TANK_CREW2.DESCRIPTION.CALLSIGN/___7B9F1E30 has rawSkill: 4 normalized to 4
07:18:07.398   AdjustedSkill: 4 = actorSkill: 4 - malus: 0.
07:18:07.398   CheckMod: 0,2 = adjustedSkill: 4 * multi: 0,05
07:18:07.516 Calculating heat check modifier for actor: Strix VTOL___/PILOT_TANK_CREW2.DESCRIPTION.CALLSIGN/___7B9F1E30
07:18:07.516 Actor: Strix VTOL___/PILOT_TANK_CREW2.DESCRIPTION.CALLSIGN/___7B9F1E30 has rawSkill: 4 normalized to 4
07:18:07.516   AdjustedSkill: 4 = actorSkill: 4 - malus: 0.
07:18:07.516   CheckMod: 0,2 = adjustedSkill: 4 * multi: 0,05
07:18:07.565 Calculating heat check modifier for actor: Strix VTOL___/PILOT_TANK_CREW2.DESCRIPTION.CALLSIGN/___7B9F1E30
07:18:07.565 Actor: Strix VTOL___/PILOT_TANK_CREW2.DESCRIPTION.CALLSIGN/___7B9F1E30 has rawSkill: 4 normalized to 4
07:18:07.565   AdjustedSkill: 4 = actorSkill: 4 - malus: 0.
07:18:07.565   CheckMod: 0,2 = adjustedSkill: 4 * multi: 0,05
07:18:07.900 Calculating heat check modifier for actor: Strix VTOL___/PILOT_TANK_CREW2.DESCRIPTION.CALLSIGN/___7B9F1E30
07:18:07.900 Actor: Strix VTOL___/PILOT_TANK_CREW2.DESCRIPTION.CALLSIGN/___7B9F1E30 has rawSkill: 4 normalized to 4
07:18:07.900   AdjustedSkill: 4 = actorSkill: 4 - malus: 0.
07:18:07.900   CheckMod: 0,2 = adjustedSkill: 4 * multi: 0,05
07:18:08.516 Calculating heat check modifier for actor: Strix VTOL___/PILOT_TANK_CREW2.DESCRIPTION.CALLSIGN/___7B9F1E30
07:18:08.516 Actor: Strix VTOL___/PILOT_TANK_CREW2.DESCRIPTION.CALLSIGN/___7B9F1E30 has rawSkill: 4 normalized to 4
07:18:08.516   AdjustedSkill: 4 = actorSkill: 4 - malus: 0.
07:18:08.516   CheckMod: 0,2 = adjustedSkill: 4 * multi: 0,05
07:18:08.598 Calculating heat check modifier for actor: Strix VTOL___/PILOT_TANK_CREW2.DESCRIPTION.CALLSIGN/___7B9F1E30
07:18:08.598 Actor: Strix VTOL___/PILOT_TANK_CREW2.DESCRIPTION.CALLSIGN/___7B9F1E30 has rawSkill: 4 normalized to 4
07:18:08.598   AdjustedSkill: 4 = actorSkill: 4 - malus: 0.
07:18:08.598   CheckMod: 0,2 = adjustedSkill: 4 * multi: 0,05
07:18:08.732 Calculating heat check modifier for actor: Strix VTOL___/PILOT_TANK_CREW2.DESCRIPTION.CALLSIGN/___7B9F1E30
07:18:08.732 Actor: Strix VTOL___/PILOT_TANK_CREW2.DESCRIPTION.CALLSIGN/___7B9F1E30 has rawSkill: 4 normalized to 4
07:18:08.732   AdjustedSkill: 4 = actorSkill: 4 - malus: 0.
07:18:08.732   CheckMod: 0,2 = adjustedSkill: 4 * multi: 0,05
07:18:10.765 Calculating heat check modifier for actor: Strix VTOL___/PILOT_TANK_CREW2.DESCRIPTION.CALLSIGN/___7B9F1E30
07:18:10.765 Actor: Strix VTOL___/PILOT_TANK_CREW2.DESCRIPTION.CALLSIGN/___7B9F1E30 has rawSkill: 4 normalized to 4
07:18:10.765   AdjustedSkill: 4 = actorSkill: 4 - malus: 0.
07:18:10.765   CheckMod: 0,2 = adjustedSkill: 4 * multi: 0,05
07:18:10.864 Calculating heat check modifier for actor: Strix VTOL___/PILOT_TANK_CREW2.DESCRIPTION.CALLSIGN/___7B9F1E30
07:18:10.864 Actor: Strix VTOL___/PILOT_TANK_CREW2.DESCRIPTION.CALLSIGN/___7B9F1E30 has rawSkill: 4 normalized to 4
07:18:10.864   AdjustedSkill: 4 = actorSkill: 4 - malus: 0.
07:18:10.864   CheckMod: 0,2 = adjustedSkill: 4 * multi: 0,05
07:18:10.981 Calculating heat check modifier for actor: Strix VTOL___/PILOT_TANK_CREW2.DESCRIPTION.CALLSIGN/___7B9F1E30
07:18:10.981 Actor: Strix VTOL___/PILOT_TANK_CREW2.DESCRIPTION.CALLSIGN/___7B9F1E30 has rawSkill: 4 normalized to 4
07:18:10.981   AdjustedSkill: 4 = actorSkill: 4 - malus: 0.
07:18:10.981   CheckMod: 0,2 = adjustedSkill: 4 * multi: 0,05
07:18:12.615 Calculating heat check modifier for actor: Strix VTOL___/PILOT_TANK_CREW2.DESCRIPTION.CALLSIGN/___7B9F1E30
07:18:12.615 Actor: Strix VTOL___/PILOT_TANK_CREW2.DESCRIPTION.CALLSIGN/___7B9F1E30 has rawSkill: 4 normalized to 4
07:18:12.615   AdjustedSkill: 4 = actorSkill: 4 - malus: 0.
07:18:12.615   CheckMod: 0,2 = adjustedSkill: 4 * multi: 0,05
07:18:15.998 Calculating heat check modifier for actor: Strix VTOL___/PILOT_TANK_CREW2.DESCRIPTION.CALLSIGN/___7B9F1E30
07:18:15.998 Actor: Strix VTOL___/PILOT_TANK_CREW2.DESCRIPTION.CALLSIGN/___7B9F1E30 has rawSkill: 4 normalized to 4
07:18:15.998   AdjustedSkill: 4 = actorSkill: 4 - malus: 0.
07:18:15.998   CheckMod: 0,2 = adjustedSkill: 4 * multi: 0,05
07:18:16.747 Calculating heat check modifier for actor: Strix VTOL___/PILOT_TANK_CREW2.DESCRIPTION.CALLSIGN/___7B9F1E30
07:18:16.747 Actor: Strix VTOL___/PILOT_TANK_CREW2.DESCRIPTION.CALLSIGN/___7B9F1E30 has rawSkill: 4 normalized to 4
07:18:16.747   AdjustedSkill: 4 = actorSkill: 4 - malus: 0.
07:18:16.747   CheckMod: 0,2 = adjustedSkill: 4 * multi: 0,05
07:18:17.585 Calculating heat check modifier for actor: Strix VTOL___/PILOT_TANK_CREW2.DESCRIPTION.CALLSIGN/___7B9F1E30
07:18:17.585 Actor: Strix VTOL___/PILOT_TANK_CREW2.DESCRIPTION.CALLSIGN/___7B9F1E30 has rawSkill: 4 normalized to 4
07:18:17.585   AdjustedSkill: 4 = actorSkill: 4 - malus: 0.
07:18:17.585   CheckMod: 0,2 = adjustedSkill: 4 * multi: 0,05
07:18:17.899 Calculating heat check modifier for actor: Strix VTOL___/PILOT_TANK_CREW2.DESCRIPTION.CALLSIGN/___7B9F1E30
07:18:17.899 Actor: Strix VTOL___/PILOT_TANK_CREW2.DESCRIPTION.CALLSIGN/___7B9F1E30 has rawSkill: 4 normalized to 4
07:18:17.899   AdjustedSkill: 4 = actorSkill: 4 - malus: 0.
07:18:17.899   CheckMod: 0,2 = adjustedSkill: 4 * multi: 0,05
07:18:17.965 Calculating heat check modifier for actor: Strix VTOL___/PILOT_TANK_CREW2.DESCRIPTION.CALLSIGN/___7B9F1E30
07:18:17.965 Actor: Strix VTOL___/PILOT_TANK_CREW2.DESCRIPTION.CALLSIGN/___7B9F1E30 has rawSkill: 4 normalized to 4
07:18:17.965   AdjustedSkill: 4 = actorSkill: 4 - malus: 0.
07:18:17.965   CheckMod: 0,2 = adjustedSkill: 4 * multi: 0,05
07:18:18.099 Calculating heat check modifier for actor: Strix VTOL___/PILOT_TANK_CREW2.DESCRIPTION.CALLSIGN/___7B9F1E30
07:18:18.099 Actor: Strix VTOL___/PILOT_TANK_CREW2.DESCRIPTION.CALLSIGN/___7B9F1E30 has rawSkill: 4 normalized to 4
07:18:18.099   AdjustedSkill: 4 = actorSkill: 4 - malus: 0.
07:18:18.099   CheckMod: 0,2 = adjustedSkill: 4 * multi: 0,05
07:18:18.116 Calculating heat check modifier for actor: Strix VTOL___/PILOT_TANK_CREW2.DESCRIPTION.CALLSIGN/___7B9F1E30
07:18:18.116 Actor: Strix VTOL___/PILOT_TANK_CREW2.DESCRIPTION.CALLSIGN/___7B9F1E30 has rawSkill: 4 normalized to 4
07:18:18.116   AdjustedSkill: 4 = actorSkill: 4 - malus: 0.
07:18:18.116   CheckMod: 0,2 = adjustedSkill: 4 * multi: 0,05
07:18:18.498 Calculating heat check modifier for actor: Strix VTOL___/PILOT_TANK_CREW2.DESCRIPTION.CALLSIGN/___7B9F1E30
07:18:18.498 Actor: Strix VTOL___/PILOT_TANK_CREW2.DESCRIPTION.CALLSIGN/___7B9F1E30 has rawSkill: 4 normalized to 4
07:18:18.498   AdjustedSkill: 4 = actorSkill: 4 - malus: 0.
07:18:18.498   CheckMod: 0,2 = adjustedSkill: 4 * multi: 0,05
07:18:19.332 Calculating heat check modifier for actor: Strix VTOL___/PILOT_TANK_CREW2.DESCRIPTION.CALLSIGN/___7B9F1E30
07:18:19.332 Actor: Strix VTOL___/PILOT_TANK_CREW2.DESCRIPTION.CALLSIGN/___7B9F1E30 has rawSkill: 4 normalized to 4
07:18:19.332   AdjustedSkill: 4 = actorSkill: 4 - malus: 0.
07:18:19.332   CheckMod: 0,2 = adjustedSkill: 4 * multi: 0,05
07:18:19.531 Calculating heat check modifier for actor: Strix VTOL___/PILOT_TANK_CREW2.DESCRIPTION.CALLSIGN/___7B9F1E30
07:18:19.531 Actor: Strix VTOL___/PILOT_TANK_CREW2.DESCRIPTION.CALLSIGN/___7B9F1E30 has rawSkill: 4 normalized to 4
07:18:19.531   AdjustedSkill: 4 = actorSkill: 4 - malus: 0.
07:18:19.531   CheckMod: 0,2 = adjustedSkill: 4 * multi: 0,05
07:18:19.549 Calculating heat check modifier for actor: Strix VTOL___/PILOT_TANK_CREW2.DESCRIPTION.CALLSIGN/___7B9F1E30
07:18:19.549 Actor: Strix VTOL___/PILOT_TANK_CREW2.DESCRIPTION.CALLSIGN/___7B9F1E30 has rawSkill: 4 normalized to 4
07:18:19.549   AdjustedSkill: 4 = actorSkill: 4 - malus: 0.
07:18:19.549   CheckMod: 0,2 = adjustedSkill: 4 * multi: 0,05
07:18:19.681 Calculating heat check modifier for actor: Strix VTOL___/PILOT_TANK_CREW2.DESCRIPTION.CALLSIGN/___7B9F1E30
07:18:19.681 Actor: Strix VTOL___/PILOT_TANK_CREW2.DESCRIPTION.CALLSIGN/___7B9F1E30 has rawSkill: 4 normalized to 4
07:18:19.681   AdjustedSkill: 4 = actorSkill: 4 - malus: 0.
07:18:19.681   CheckMod: 0,2 = adjustedSkill: 4 * multi: 0,05
07:18:19.750 Calculating heat check modifier for actor: Strix VTOL___/PILOT_TANK_CREW2.DESCRIPTION.CALLSIGN/___7B9F1E30
07:18:19.750 Actor: Strix VTOL___/PILOT_TANK_CREW2.DESCRIPTION.CALLSIGN/___7B9F1E30 has rawSkill: 4 normalized to 4
07:18:19.750   AdjustedSkill: 4 = actorSkill: 4 - malus: 0.
07:18:19.750   CheckMod: 0,2 = adjustedSkill: 4 * multi: 0,05
07:18:20.182 Calculating heat check modifier for actor: Strix VTOL___/PILOT_TANK_CREW2.DESCRIPTION.CALLSIGN/___7B9F1E30
07:18:20.182 Actor: Strix VTOL___/PILOT_TANK_CREW2.DESCRIPTION.CALLSIGN/___7B9F1E30 has rawSkill: 4 normalized to 4
07:18:20.182   AdjustedSkill: 4 = actorSkill: 4 - malus: 0.
07:18:20.182   CheckMod: 0,2 = adjustedSkill: 4 * multi: 0,05
07:18:20.549 Calculating heat check modifier for actor: Strix VTOL___/PILOT_TANK_CREW2.DESCRIPTION.CALLSIGN/___7B9F1E30
07:18:20.549 Actor: Strix VTOL___/PILOT_TANK_CREW2.DESCRIPTION.CALLSIGN/___7B9F1E30 has rawSkill: 4 normalized to 4
07:18:20.549   AdjustedSkill: 4 = actorSkill: 4 - malus: 0.
07:18:20.549   CheckMod: 0,2 = adjustedSkill: 4 * multi: 0,05
07:18:22.314 Calculating heat check modifier for actor: Strix VTOL___/PILOT_TANK_CREW2.DESCRIPTION.CALLSIGN/___7B9F1E30
07:18:22.314 Actor: Strix VTOL___/PILOT_TANK_CREW2.DESCRIPTION.CALLSIGN/___7B9F1E30 has rawSkill: 4 normalized to 4
07:18:22.314   AdjustedSkill: 4 = actorSkill: 4 - malus: 0.
07:18:22.314   CheckMod: 0,2 = adjustedSkill: 4 * multi: 0,05
07:18:27.447 Calculating heat check modifier for actor: Strix VTOL___/PILOT_TANK_CREW2.DESCRIPTION.CALLSIGN/___7B9F1E30
07:18:27.447 Actor: Strix VTOL___/PILOT_TANK_CREW2.DESCRIPTION.CALLSIGN/___7B9F1E30 has rawSkill: 4 normalized to 4
07:18:27.447   AdjustedSkill: 4 = actorSkill: 4 - malus: 0.
07:18:27.447   CheckMod: 0,2 = adjustedSkill: 4 * multi: 0,05
07:21:14.630 Calculating heat check modifier for actor: Strix VTOL___/PILOT_TANK_CREW2.DESCRIPTION.CALLSIGN/___7B9F1E30
07:21:14.630 Actor: Strix VTOL___/PILOT_TANK_CREW2.DESCRIPTION.CALLSIGN/___7B9F1E30 has rawSkill: 4 normalized to 4
07:21:14.630   AdjustedSkill: 4 = actorSkill: 4 - malus: 0.
07:21:14.630   CheckMod: 0,2 = adjustedSkill: 4 * multi: 0,05
07:21:14.877 Calculating heat check modifier for actor: Strix VTOL___/PILOT_TANK_CREW2.DESCRIPTION.CALLSIGN/___7B9F1E30
07:21:14.877 Actor: Strix VTOL___/PILOT_TANK_CREW2.DESCRIPTION.CALLSIGN/___7B9F1E30 has rawSkill: 4 normalized to 4
07:21:14.877   AdjustedSkill: 4 = actorSkill: 4 - malus: 0.
07:21:14.877   CheckMod: 0,2 = adjustedSkill: 4 * multi: 0,05
07:21:18.676 Calculating heat check modifier for actor: Strix VTOL___/PILOT_TANK_CREW2.DESCRIPTION.CALLSIGN/___7B9F1E30
07:21:18.677 Actor: Strix VTOL___/PILOT_TANK_CREW2.DESCRIPTION.CALLSIGN/___7B9F1E30 has rawSkill: 4 normalized to 4
07:21:18.677   AdjustedSkill: 4 = actorSkill: 4 - malus: 0.
07:21:18.677   CheckMod: 0,2 = adjustedSkill: 4 * multi: 0,05
07:21:18.745 Calculating heat check modifier for actor: Strix VTOL___/PILOT_TANK_CREW2.DESCRIPTION.CALLSIGN/___7B9F1E30
07:21:18.745 Actor: Strix VTOL___/PILOT_TANK_CREW2.DESCRIPTION.CALLSIGN/___7B9F1E30 has rawSkill: 4 normalized to 4
07:21:18.745   AdjustedSkill: 4 = actorSkill: 4 - malus: 0.
07:21:18.745   CheckMod: 0,2 = adjustedSkill: 4 * multi: 0,05
07:21:18.761 Calculating heat check modifier for actor: Strix VTOL___/PILOT_TANK_CREW2.DESCRIPTION.CALLSIGN/___7B9F1E30
07:21:18.761 Actor: Strix VTOL___/PILOT_TANK_CREW2.DESCRIPTION.CALLSIGN/___7B9F1E30 has rawSkill: 4 normalized to 4
07:21:18.761   AdjustedSkill: 4 = actorSkill: 4 - malus: 0.
07:21:18.761   CheckMod: 0,2 = adjustedSkill: 4 * multi: 0,05
07:21:18.895 Calculating heat check modifier for actor: Strix VTOL___/PILOT_TANK_CREW2.DESCRIPTION.CALLSIGN/___7B9F1E30
07:21:18.895 Actor: Strix VTOL___/PILOT_TANK_CREW2.DESCRIPTION.CALLSIGN/___7B9F1E30 has rawSkill: 4 normalized to 4
07:21:18.895   AdjustedSkill: 4 = actorSkill: 4 - malus: 0.
07:21:18.895   CheckMod: 0,2 = adjustedSkill: 4 * multi: 0,05
07:21:18.912 Calculating heat check modifier for actor: Strix VTOL___/PILOT_TANK_CREW2.DESCRIPTION.CALLSIGN/___7B9F1E30
07:21:18.912 Actor: Strix VTOL___/PILOT_TANK_CREW2.DESCRIPTION.CALLSIGN/___7B9F1E30 has rawSkill: 4 normalized to 4
07:21:18.912   AdjustedSkill: 4 = actorSkill: 4 - malus: 0.
07:21:18.912   CheckMod: 0,2 = adjustedSkill: 4 * multi: 0,05
07:21:19.544 Calculating heat check modifier for actor: Strix VTOL___/PILOT_TANK_CREW2.DESCRIPTION.CALLSIGN/___7B9F1E30
07:21:19.544 Actor: Strix VTOL___/PILOT_TANK_CREW2.DESCRIPTION.CALLSIGN/___7B9F1E30 has rawSkill: 4 normalized to 4
07:21:19.544   AdjustedSkill: 4 = actorSkill: 4 - malus: 0.
07:21:19.544   CheckMod: 0,2 = adjustedSkill: 4 * multi: 0,05
