07:17:44.848 Invalidated meleeStates for actor: Strix VTOL___/PILOT_TANK_CREW2.DESCRIPTION.CALLSIGN/___7B9F1E30
07:17:44.848 Invalidated meleeStates for actor: Urbiecopter___/PILOT_TANK_CREW1.DESCRIPTION.CALLSIGN/___EC1A10DE
07:17:44.848 Invalidated meleeStates for actor: Yellowjacket AC___/PILOT_TANK_CREW3.DESCRIPTION.CALLSIGN/___57245CBC
07:17:44.851 Invalidated meleeStates for actor: Strix VTOL___/PILOT_TANK_CREW2.DESCRIPTION.CALLSIGN/___37443683
07:17:44.851 Invalidated meleeStates for actor: Urbiecopter___/PILOT_TANK_CREW1.DESCRIPTION.CALLSIGN/___67C4C2EB
07:17:44.852 Invalidated meleeStates for actor: Yellowjacket AC___/PILOT_TANK_CREW3.DESCRIPTION.CALLSIGN/___D48D4653
07:17:46.468 Calculating melee condition for actor: Strix VTOL___/PILOT_TANK_CREW2.DESCRIPTION.CALLSIGN/___7B9F1E30
07:17:46.468   - Actuator: UAC/2 is functional: True
07:17:46.469   - Actuator: ER S Laser is functional: True
07:17:46.469   - Actuator: ER S Laser is functional: True
07:17:46.469   - Actuator: AC/2 Ammo is functional: True
07:17:46.469   - Actuator: AC/2 Ammo is functional: True
07:17:46.469  -- unit can melee
07:17:46.483 DFA Target baseDamage: 1,5 x mech tonnage: 30 = 45
07:17:46.483  - Target damage => final: 45 = (raw: 45 + mod: 0) x multi: 1
07:17:46.493 DFA Target baseDamage: 1,5 x mech tonnage: 30 = 45
07:17:46.493  - Target damage => final: 45 = (raw: 45 + mod: 0) x multi: 1
07:17:46.535 DFA Target baseDamage: 1,5 x mech tonnage: 30 = 45
07:17:46.535  - Target damage => final: 45 = (raw: 45 + mod: 0) x multi: 1
07:17:47.115 DFA Target baseDamage: 1,5 x mech tonnage: 30 = 45
07:17:47.115  - Target damage => final: 45 = (raw: 45 + mod: 0) x multi: 1
07:17:47.177 DFA Target baseDamage: 1,5 x mech tonnage: 30 = 45
07:17:47.177  - Target damage => final: 45 = (raw: 45 + mod: 0) x multi: 1
07:17:47.245 DFA Target baseDamage: 1,5 x mech tonnage: 30 = 45
07:17:47.245  - Target damage => final: 45 = (raw: 45 + mod: 0) x multi: 1
07:17:47.262 DFA Target baseDamage: 1,5 x mech tonnage: 30 = 45
07:17:47.262  - Target damage => final: 45 = (raw: 45 + mod: 0) x multi: 1
07:17:47.336 DFA Target baseDamage: 1,5 x mech tonnage: 30 = 45
07:17:47.336  - Target damage => final: 45 = (raw: 45 + mod: 0) x multi: 1
07:17:47.367 DFA Target baseDamage: 1,5 x mech tonnage: 30 = 45
07:17:47.367  - Target damage => final: 45 = (raw: 45 + mod: 0) x multi: 1
07:17:47.410 DFA Target baseDamage: 1,5 x mech tonnage: 30 = 45
07:17:47.410  - Target damage => final: 45 = (raw: 45 + mod: 0) x multi: 1
07:17:47.477 DFA Target baseDamage: 1,5 x mech tonnage: 30 = 45
07:17:47.477  - Target damage => final: 45 = (raw: 45 + mod: 0) x multi: 1
07:17:47.560 DFA Target baseDamage: 1,5 x mech tonnage: 30 = 45
07:17:47.560  - Target damage => final: 45 = (raw: 45 + mod: 0) x multi: 1
07:17:47.610 DFA Target baseDamage: 1,5 x mech tonnage: 30 = 45
07:17:47.610  - Target damage => final: 45 = (raw: 45 + mod: 0) x multi: 1
07:17:47.710 DFA Target baseDamage: 1,5 x mech tonnage: 30 = 45
07:17:47.710  - Target damage => final: 45 = (raw: 45 + mod: 0) x multi: 1
07:17:47.969 DFA Target baseDamage: 1,5 x mech tonnage: 30 = 45
07:17:47.969  - Target damage => final: 45 = (raw: 45 + mod: 0) x multi: 1
07:17:48.010 DFA Target baseDamage: 1,5 x mech tonnage: 30 = 45
07:17:48.010  - Target damage => final: 45 = (raw: 45 + mod: 0) x multi: 1
07:17:48.062 DFA Target baseDamage: 1,5 x mech tonnage: 30 = 45
07:17:48.062  - Target damage => final: 45 = (raw: 45 + mod: 0) x multi: 1
07:17:48.127 DFA Target baseDamage: 1,5 x mech tonnage: 30 = 45
07:17:48.127  - Target damage => final: 45 = (raw: 45 + mod: 0) x multi: 1
07:17:48.226 DFA Target baseDamage: 1,5 x mech tonnage: 30 = 45
07:17:48.226  - Target damage => final: 45 = (raw: 45 + mod: 0) x multi: 1
07:17:48.443 DFA Target baseDamage: 1,5 x mech tonnage: 30 = 45
07:17:48.443  - Target damage => final: 45 = (raw: 45 + mod: 0) x multi: 1
07:17:48.762 DFA Target baseDamage: 1,5 x mech tonnage: 30 = 45
07:17:48.762  - Target damage => final: 45 = (raw: 45 + mod: 0) x multi: 1
07:17:51.711 DFA Target baseDamage: 1,5 x mech tonnage: 30 = 45
07:17:51.711  - Target damage => final: 45 = (raw: 45 + mod: 0) x multi: 1
07:17:52.026 DFA Target baseDamage: 1,5 x mech tonnage: 30 = 45
07:17:52.026  - Target damage => final: 45 = (raw: 45 + mod: 0) x multi: 1
07:17:52.259 DFA Target baseDamage: 1,5 x mech tonnage: 30 = 45
07:17:52.259  - Target damage => final: 45 = (raw: 45 + mod: 0) x multi: 1
07:17:52.394 DFA Target baseDamage: 1,5 x mech tonnage: 30 = 45
07:17:52.394  - Target damage => final: 45 = (raw: 45 + mod: 0) x multi: 1
07:17:52.476 DFA Target baseDamage: 1,5 x mech tonnage: 30 = 45
07:17:52.476  - Target damage => final: 45 = (raw: 45 + mod: 0) x multi: 1
07:17:52.559 DFA Target baseDamage: 1,5 x mech tonnage: 30 = 45
07:17:52.559  - Target damage => final: 45 = (raw: 45 + mod: 0) x multi: 1
07:17:52.626 DFA Target baseDamage: 1,5 x mech tonnage: 30 = 45
07:17:52.626  - Target damage => final: 45 = (raw: 45 + mod: 0) x multi: 1
07:17:52.726 DFA Target baseDamage: 1,5 x mech tonnage: 30 = 45
07:17:52.726  - Target damage => final: 45 = (raw: 45 + mod: 0) x multi: 1
07:17:52.811 DFA Target baseDamage: 1,5 x mech tonnage: 30 = 45
07:17:52.811  - Target damage => final: 45 = (raw: 45 + mod: 0) x multi: 1
07:17:52.879 DFA Target baseDamage: 1,5 x mech tonnage: 30 = 45
07:17:52.879  - Target damage => final: 45 = (raw: 45 + mod: 0) x multi: 1
07:17:52.911 DFA Target baseDamage: 1,5 x mech tonnage: 30 = 45
07:17:52.911  - Target damage => final: 45 = (raw: 45 + mod: 0) x multi: 1
07:17:52.960 DFA Target baseDamage: 1,5 x mech tonnage: 30 = 45
07:17:52.961  - Target damage => final: 45 = (raw: 45 + mod: 0) x multi: 1
07:17:52.993 DFA Target baseDamage: 1,5 x mech tonnage: 30 = 45
07:17:52.993  - Target damage => final: 45 = (raw: 45 + mod: 0) x multi: 1
07:17:53.077 DFA Target baseDamage: 1,5 x mech tonnage: 30 = 45
07:17:53.077  - Target damage => final: 45 = (raw: 45 + mod: 0) x multi: 1
07:17:53.093 DFA Target baseDamage: 1,5 x mech tonnage: 30 = 45
07:17:53.093  - Target damage => final: 45 = (raw: 45 + mod: 0) x multi: 1
07:17:53.176 DFA Target baseDamage: 1,5 x mech tonnage: 30 = 45
07:17:53.176  - Target damage => final: 45 = (raw: 45 + mod: 0) x multi: 1
07:17:53.210 DFA Target baseDamage: 1,5 x mech tonnage: 30 = 45
07:17:53.210  - Target damage => final: 45 = (raw: 45 + mod: 0) x multi: 1
07:17:53.244 DFA Target baseDamage: 1,5 x mech tonnage: 30 = 45
07:17:53.244  - Target damage => final: 45 = (raw: 45 + mod: 0) x multi: 1
07:17:53.326 DFA Target baseDamage: 1,5 x mech tonnage: 30 = 45
07:17:53.326  - Target damage => final: 45 = (raw: 45 + mod: 0) x multi: 1
07:17:53.438 DFA Target baseDamage: 1,5 x mech tonnage: 30 = 45
07:17:53.439  - Target damage => final: 45 = (raw: 45 + mod: 0) x multi: 1
07:17:53.744 DFA Target baseDamage: 1,5 x mech tonnage: 30 = 45
07:17:53.744  - Target damage => final: 45 = (raw: 45 + mod: 0) x multi: 1
07:17:53.793 DFA Target baseDamage: 1,5 x mech tonnage: 30 = 45
07:17:53.793  - Target damage => final: 45 = (raw: 45 + mod: 0) x multi: 1
07:17:53.893 DFA Target baseDamage: 1,5 x mech tonnage: 30 = 45
07:17:53.893  - Target damage => final: 45 = (raw: 45 + mod: 0) x multi: 1
07:17:57.877 DFA Target baseDamage: 1,5 x mech tonnage: 30 = 45
07:17:57.877  - Target damage => final: 45 = (raw: 45 + mod: 0) x multi: 1
07:17:57.992 DFA Target baseDamage: 1,5 x mech tonnage: 30 = 45
07:17:57.992  - Target damage => final: 45 = (raw: 45 + mod: 0) x multi: 1
07:17:58.026 DFA Target baseDamage: 1,5 x mech tonnage: 30 = 45
07:17:58.026  - Target damage => final: 45 = (raw: 45 + mod: 0) x multi: 1
07:17:58.360 DFA Target baseDamage: 1,5 x mech tonnage: 30 = 45
07:17:58.360  - Target damage => final: 45 = (raw: 45 + mod: 0) x multi: 1
07:17:58.460 DFA Target baseDamage: 1,5 x mech tonnage: 30 = 45
07:17:58.460  - Target damage => final: 45 = (raw: 45 + mod: 0) x multi: 1
07:17:58.543 DFA Target baseDamage: 1,5 x mech tonnage: 30 = 45
07:17:58.543  - Target damage => final: 45 = (raw: 45 + mod: 0) x multi: 1
07:17:58.576 DFA Target baseDamage: 1,5 x mech tonnage: 30 = 45
07:17:58.576  - Target damage => final: 45 = (raw: 45 + mod: 0) x multi: 1
07:17:58.627 DFA Target baseDamage: 1,5 x mech tonnage: 30 = 45
07:17:58.627  - Target damage => final: 45 = (raw: 45 + mod: 0) x multi: 1
07:17:58.692 DFA Target baseDamage: 1,5 x mech tonnage: 30 = 45
07:17:58.692  - Target damage => final: 45 = (raw: 45 + mod: 0) x multi: 1
07:17:58.710 DFA Target baseDamage: 1,5 x mech tonnage: 30 = 45
07:17:58.710  - Target damage => final: 45 = (raw: 45 + mod: 0) x multi: 1
07:17:58.810 DFA Target baseDamage: 1,5 x mech tonnage: 30 = 45
07:17:58.810  - Target damage => final: 45 = (raw: 45 + mod: 0) x multi: 1
07:17:58.843 DFA Target baseDamage: 1,5 x mech tonnage: 30 = 45
07:17:58.843  - Target damage => final: 45 = (raw: 45 + mod: 0) x multi: 1
07:17:59.077 DFA Target baseDamage: 1,5 x mech tonnage: 30 = 45
07:17:59.077  - Target damage => final: 45 = (raw: 45 + mod: 0) x multi: 1
07:17:59.527 DFA Target baseDamage: 1,5 x mech tonnage: 30 = 45
07:17:59.527  - Target damage => final: 45 = (raw: 45 + mod: 0) x multi: 1
07:17:59.645 DFA Target baseDamage: 1,5 x mech tonnage: 30 = 45
07:17:59.645  - Target damage => final: 45 = (raw: 45 + mod: 0) x multi: 1
07:17:59.710 DFA Target baseDamage: 1,5 x mech tonnage: 30 = 45
07:17:59.710  - Target damage => final: 45 = (raw: 45 + mod: 0) x multi: 1
07:17:59.844 DFA Target baseDamage: 1,5 x mech tonnage: 30 = 45
07:17:59.844  - Target damage => final: 45 = (raw: 45 + mod: 0) x multi: 1
07:18:00.826 DFA Target baseDamage: 1,5 x mech tonnage: 30 = 45
07:18:00.826  - Target damage => final: 45 = (raw: 45 + mod: 0) x multi: 1
07:18:00.959 DFA Target baseDamage: 1,5 x mech tonnage: 30 = 45
07:18:00.959  - Target damage => final: 45 = (raw: 45 + mod: 0) x multi: 1
07:18:01.159 DFA Target baseDamage: 1,5 x mech tonnage: 30 = 45
07:18:01.159  - Target damage => final: 45 = (raw: 45 + mod: 0) x multi: 1
07:18:01.210 DFA Target baseDamage: 1,5 x mech tonnage: 30 = 45
07:18:01.210  - Target damage => final: 45 = (raw: 45 + mod: 0) x multi: 1
07:18:06.393 DFA Target baseDamage: 1,5 x mech tonnage: 30 = 45
07:18:06.393  - Target damage => final: 45 = (raw: 45 + mod: 0) x multi: 1
07:18:06.428 DFA Target baseDamage: 1,5 x mech tonnage: 30 = 45
07:18:06.428  - Target damage => final: 45 = (raw: 45 + mod: 0) x multi: 1
07:18:06.877 DFA Target baseDamage: 1,5 x mech tonnage: 30 = 45
07:18:06.877  - Target damage => final: 45 = (raw: 45 + mod: 0) x multi: 1
07:18:07.227 DFA Target baseDamage: 1,5 x mech tonnage: 30 = 45
07:18:07.227  - Target damage => final: 45 = (raw: 45 + mod: 0) x multi: 1
07:18:07.243 DFA Target baseDamage: 1,5 x mech tonnage: 30 = 45
07:18:07.243  - Target damage => final: 45 = (raw: 45 + mod: 0) x multi: 1
07:18:07.261 DFA Target baseDamage: 1,5 x mech tonnage: 30 = 45
07:18:07.261  - Target damage => final: 45 = (raw: 45 + mod: 0) x multi: 1
07:18:07.392 DFA Target baseDamage: 1,5 x mech tonnage: 30 = 45
07:18:07.392  - Target damage => final: 45 = (raw: 45 + mod: 0) x multi: 1
07:18:07.510 DFA Target baseDamage: 1,5 x mech tonnage: 30 = 45
07:18:07.510  - Target damage => final: 45 = (raw: 45 + mod: 0) x multi: 1
07:18:07.559 DFA Target baseDamage: 1,5 x mech tonnage: 30 = 45
07:18:07.559  - Target damage => final: 45 = (raw: 45 + mod: 0) x multi: 1
07:18:07.742 DFA Target baseDamage: 1,5 x mech tonnage: 30 = 45
07:18:07.742  - Target damage => final: 45 = (raw: 45 + mod: 0) x multi: 1
07:18:07.893 DFA Target baseDamage: 1,5 x mech tonnage: 30 = 45
07:18:07.893  - Target damage => final: 45 = (raw: 45 + mod: 0) x multi: 1
07:18:07.961 DFA Target baseDamage: 1,5 x mech tonnage: 30 = 45
07:18:07.961  - Target damage => final: 45 = (raw: 45 + mod: 0) x multi: 1
07:18:07.993 DFA Target baseDamage: 1,5 x mech tonnage: 30 = 45
07:18:07.993  - Target damage => final: 45 = (raw: 45 + mod: 0) x multi: 1
07:18:08.510 DFA Target baseDamage: 1,5 x mech tonnage: 30 = 45
07:18:08.510  - Target damage => final: 45 = (raw: 45 + mod: 0) x multi: 1
07:18:08.592 DFA Target baseDamage: 1,5 x mech tonnage: 30 = 45
07:18:08.592  - Target damage => final: 45 = (raw: 45 + mod: 0) x multi: 1
07:18:08.726 DFA Target baseDamage: 1,5 x mech tonnage: 30 = 45
07:18:08.726  - Target damage => final: 45 = (raw: 45 + mod: 0) x multi: 1
07:18:10.759 DFA Target baseDamage: 1,5 x mech tonnage: 30 = 45
07:18:10.759  - Target damage => final: 45 = (raw: 45 + mod: 0) x multi: 1
07:18:10.858 DFA Target baseDamage: 1,5 x mech tonnage: 30 = 45
07:18:10.858  - Target damage => final: 45 = (raw: 45 + mod: 0) x multi: 1
07:18:10.975 DFA Target baseDamage: 1,5 x mech tonnage: 30 = 45
07:18:10.975  - Target damage => final: 45 = (raw: 45 + mod: 0) x multi: 1
07:18:11.375 DFA Target baseDamage: 1,5 x mech tonnage: 30 = 45
07:18:11.375  - Target damage => final: 45 = (raw: 45 + mod: 0) x multi: 1
07:18:12.609 DFA Target baseDamage: 1,5 x mech tonnage: 30 = 45
07:18:12.609  - Target damage => final: 45 = (raw: 45 + mod: 0) x multi: 1
07:18:15.992 DFA Target baseDamage: 1,5 x mech tonnage: 30 = 45
07:18:15.992  - Target damage => final: 45 = (raw: 45 + mod: 0) x multi: 1
07:18:16.742 DFA Target baseDamage: 1,5 x mech tonnage: 30 = 45
07:18:16.742  - Target damage => final: 45 = (raw: 45 + mod: 0) x multi: 1
07:18:17.579 DFA Target baseDamage: 1,5 x mech tonnage: 30 = 45
07:18:17.579  - Target damage => final: 45 = (raw: 45 + mod: 0) x multi: 1
07:18:17.892 DFA Target baseDamage: 1,5 x mech tonnage: 30 = 45
07:18:17.892  - Target damage => final: 45 = (raw: 45 + mod: 0) x multi: 1
07:18:17.959 DFA Target baseDamage: 1,5 x mech tonnage: 30 = 45
07:18:17.959  - Target damage => final: 45 = (raw: 45 + mod: 0) x multi: 1
07:18:18.092 DFA Target baseDamage: 1,5 x mech tonnage: 30 = 45
07:18:18.092  - Target damage => final: 45 = (raw: 45 + mod: 0) x multi: 1
07:18:18.110 DFA Target baseDamage: 1,5 x mech tonnage: 30 = 45
07:18:18.110  - Target damage => final: 45 = (raw: 45 + mod: 0) x multi: 1
07:18:18.492 DFA Target baseDamage: 1,5 x mech tonnage: 30 = 45
07:18:18.492  - Target damage => final: 45 = (raw: 45 + mod: 0) x multi: 1
07:18:18.710 DFA Target baseDamage: 1,5 x mech tonnage: 30 = 45
07:18:18.710  - Target damage => final: 45 = (raw: 45 + mod: 0) x multi: 1
07:18:19.144 DFA Target baseDamage: 1,5 x mech tonnage: 30 = 45
07:18:19.144  - Target damage => final: 45 = (raw: 45 + mod: 0) x multi: 1
07:18:19.326 DFA Target baseDamage: 1,5 x mech tonnage: 30 = 45
07:18:19.326  - Target damage => final: 45 = (raw: 45 + mod: 0) x multi: 1
07:18:19.525 DFA Target baseDamage: 1,5 x mech tonnage: 30 = 45
07:18:19.526  - Target damage => final: 45 = (raw: 45 + mod: 0) x multi: 1
07:18:19.544 DFA Target baseDamage: 1,5 x mech tonnage: 30 = 45
07:18:19.544  - Target damage => final: 45 = (raw: 45 + mod: 0) x multi: 1
07:18:19.675 DFA Target baseDamage: 1,5 x mech tonnage: 30 = 45
07:18:19.675  - Target damage => final: 45 = (raw: 45 + mod: 0) x multi: 1
07:18:19.743 DFA Target baseDamage: 1,5 x mech tonnage: 30 = 45
07:18:19.743  - Target damage => final: 45 = (raw: 45 + mod: 0) x multi: 1
07:18:20.176 DFA Target baseDamage: 1,5 x mech tonnage: 30 = 45
07:18:20.176  - Target damage => final: 45 = (raw: 45 + mod: 0) x multi: 1
07:18:20.542 DFA Target baseDamage: 1,5 x mech tonnage: 30 = 45
07:18:20.543  - Target damage => final: 45 = (raw: 45 + mod: 0) x multi: 1
07:18:22.308 DFA Target baseDamage: 1,5 x mech tonnage: 30 = 45
07:18:22.308  - Target damage => final: 45 = (raw: 45 + mod: 0) x multi: 1
07:18:26.142 DFA Target baseDamage: 1,5 x mech tonnage: 30 = 45
07:18:26.142  - Target damage => final: 45 = (raw: 45 + mod: 0) x multi: 1
07:18:26.289 DFA Target baseDamage: 1,5 x mech tonnage: 30 = 45
07:18:26.289  - Target damage => final: 45 = (raw: 45 + mod: 0) x multi: 1
07:18:27.441 DFA Target baseDamage: 1,5 x mech tonnage: 30 = 45
07:18:27.442  - Target damage => final: 45 = (raw: 45 + mod: 0) x multi: 1
07:21:14.625 DFA Target baseDamage: 1,5 x mech tonnage: 30 = 45
07:21:14.625  - Target damage => final: 45 = (raw: 45 + mod: 0) x multi: 1
07:21:14.773 DFA Target baseDamage: 1,5 x mech tonnage: 30 = 45
07:21:14.773  - Target damage => final: 45 = (raw: 45 + mod: 0) x multi: 1
07:21:14.872 DFA Target baseDamage: 1,5 x mech tonnage: 30 = 45
07:21:14.872  - Target damage => final: 45 = (raw: 45 + mod: 0) x multi: 1
07:21:18.672 DFA Target baseDamage: 1,5 x mech tonnage: 30 = 45
07:21:18.672  - Target damage => final: 45 = (raw: 45 + mod: 0) x multi: 1
07:21:18.739 DFA Target baseDamage: 1,5 x mech tonnage: 30 = 45
07:21:18.739  - Target damage => final: 45 = (raw: 45 + mod: 0) x multi: 1
07:21:18.756 DFA Target baseDamage: 1,5 x mech tonnage: 30 = 45
07:21:18.756  - Target damage => final: 45 = (raw: 45 + mod: 0) x multi: 1
07:21:18.889 DFA Target baseDamage: 1,5 x mech tonnage: 30 = 45
07:21:18.889  - Target damage => final: 45 = (raw: 45 + mod: 0) x multi: 1
07:21:18.906 DFA Target baseDamage: 1,5 x mech tonnage: 30 = 45
07:21:18.906  - Target damage => final: 45 = (raw: 45 + mod: 0) x multi: 1
07:21:19.323 DFA Target baseDamage: 1,5 x mech tonnage: 30 = 45
07:21:19.323  - Target damage => final: 45 = (raw: 45 + mod: 0) x multi: 1
07:21:19.538 DFA Target baseDamage: 1,5 x mech tonnage: 30 = 45
07:21:19.538  - Target damage => final: 45 = (raw: 45 + mod: 0) x multi: 1
