07:16:35.874 Assembly version: 1.10.0.1
07:16:35.875 === MOD CONFIG BEGIN ===
07:16:35.875   DEBUG: False Trace: False
07:16:35.875 
07:16:35.875 --- FEATURES ---
07:16:35.875   EnableMovementModifiers: True
07:16:35.875 
07:16:35.875 --- DIALOGUE OPTIONS ---
07:16:35.875 
07:16:35.875 === MOD CONFIG END ===
07:16:35.875 INFO: No errors reading settings file.
07:16:38.830 Checking for UnitMoveModifierTypes in assemblies
07:16:38.861 Adding move modifier: CBTBehaviorsEnhanced.Move.CBTBEMechMoveModifier
07:17:05.501 Loading System.String[] portrait sprites.
07:17:05.759 Added sprite for portraitPath: sprites/Portraits/guiTxrPort_DEST_utr.png
07:17:05.948 Added sprite for portraitPath: sprites/Portraits/guiTxrPort_GenericMW_01_utr.png
07:17:06.138 Added sprite for portraitPath: sprites/Portraits/guiTxrPort_GenericMW_02_utr.png
07:17:06.342 Added sprite for portraitPath: sprites/Portraits/guiTxrPort_GenericMW_03_utr.png
07:17:06.541 Added sprite for portraitPath: sprites/Portraits/guiTxrPort_GenericMW_04_utr.png
07:17:06.745 Added sprite for portraitPath: sprites/Portraits/guiTxrPort_GenericMW_05_utr.png
07:17:06.931 Added sprite for portraitPath: sprites/Portraits/guiTxrPort_GenericMW_06_utr.png
07:17:07.124 Added sprite for portraitPath: sprites/Portraits/guiTxrPort_GenericMW_07_utr.png
07:17:07.307 Added sprite for portraitPath: sprites/Portraits/guiTxrPort_GenericMW_08_utr.png
07:17:07.506 Added sprite for portraitPath: sprites/Portraits/guiTxrPort_GenericMW_09_utr.png
07:17:07.706 Added sprite for portraitPath: sprites/Portraits/guiTxrPort_GenericMW_10_utr.png
07:17:07.906 Added sprite for portraitPath: sprites/Portraits/guiTxrPort_GenericMW_11_utr.png
07:17:08.103 Added sprite for portraitPath: sprites/Portraits/guiTxrPort_GenericMW_12_utr.png
07:17:08.128 Added sprite for portraitPath: sprites/Portraits/guiTxrPort_GenericMW_davion_utr.png
07:17:08.141 Added sprite for portraitPath: sprites/Portraits/guiTxrPort_GenericMW_default_utr.png
07:17:08.159 Added sprite for portraitPath: sprites/Portraits/guiTxrPort_GenericMW_kurita_utr.png
07:17:08.178 Added sprite for portraitPath: sprites/Portraits/guiTxrPort_GenericMW_liao_utr.png
07:17:08.197 Added sprite for portraitPath: sprites/Portraits/guiTxrPort_GenericMW_marik_utr.png
07:17:08.214 Added sprite for portraitPath: sprites/Portraits/guiTxrPort_GenericMW_steiner_utr.png
07:17:08.214 Loaded 19 portraits.
07:17:27.591 ModifiedWalkDistance for: Strix VTOL___/PILOT_TANK_CREW2.DESCRIPTION.CALLSIGN/___7B9F1E30 extMods: 1
07:17:27.592  ext modifier: CustomUnits 420
07:17:27.595 ModifiedRunDistance for: Strix VTOL___/PILOT_TANK_CREW2.DESCRIPTION.CALLSIGN/___7B9F1E30 extMods: 1
07:17:27.596 ModifiedWalkDistance for: Strix VTOL___/PILOT_TANK_CREW2.DESCRIPTION.CALLSIGN/___7B9F1E30 extMods: 1
07:17:27.596  ext modifier: CustomUnits 630
07:17:27.596 ModifiedWalkDistance for: Strix VTOL___/PILOT_TANK_CREW2.DESCRIPTION.CALLSIGN/___7B9F1E30 extMods: 1
07:17:27.596  ext modifier: CustomUnits 420
07:17:27.755 ModifiedWalkDistance for: Urbiecopter___/PILOT_TANK_CREW1.DESCRIPTION.CALLSIGN/___EC1A10DE extMods: 1
07:17:27.755  ext modifier: CustomUnits 420
07:17:27.755 ModifiedRunDistance for: Urbiecopter___/PILOT_TANK_CREW1.DESCRIPTION.CALLSIGN/___EC1A10DE extMods: 1
07:17:27.755 ModifiedWalkDistance for: Urbiecopter___/PILOT_TANK_CREW1.DESCRIPTION.CALLSIGN/___EC1A10DE extMods: 1
07:17:27.755  ext modifier: CustomUnits 630
07:17:27.755 ModifiedWalkDistance for: Urbiecopter___/PILOT_TANK_CREW1.DESCRIPTION.CALLSIGN/___EC1A10DE extMods: 1
07:17:27.755  ext modifier: CustomUnits 420
07:17:27.783 ModifiedWalkDistance for: Yellowjacket AC___/PILOT_TANK_CREW3.DESCRIPTION.CALLSIGN/___57245CBC extMods: 1
07:17:27.783  ext modifier: CustomUnits 420
07:17:27.783 ModifiedRunDistance for: Yellowjacket AC___/PILOT_TANK_CREW3.DESCRIPTION.CALLSIGN/___57245CBC extMods: 1
07:17:27.783 ModifiedWalkDistance for: Yellowjacket AC___/PILOT_TANK_CREW3.DESCRIPTION.CALLSIGN/___57245CBC extMods: 1
07:17:27.783  ext modifier: CustomUnits 630
07:17:27.783 ModifiedWalkDistance for: Yellowjacket AC___/PILOT_TANK_CREW3.DESCRIPTION.CALLSIGN/___57245CBC extMods: 1
07:17:27.783  ext modifier: CustomUnits 420
07:17:27.811 ModifiedWalkDistance for: Strix VTOL___/PILOT_TANK_CREW2.DESCRIPTION.CALLSIGN/___37443683 extMods: 1
07:17:27.811  ext modifier: CustomUnits 420
07:17:27.811 ModifiedRunDistance for: Strix VTOL___/PILOT_TANK_CREW2.DESCRIPTION.CALLSIGN/___37443683 extMods: 1
07:17:27.811 ModifiedWalkDistance for: Strix VTOL___/PILOT_TANK_CREW2.DESCRIPTION.CALLSIGN/___37443683 extMods: 1
07:17:27.811  ext modifier: CustomUnits 630
07:17:27.811 ModifiedWalkDistance for: Strix VTOL___/PILOT_TANK_CREW2.DESCRIPTION.CALLSIGN/___37443683 extMods: 1
07:17:27.811  ext modifier: CustomUnits 420
07:17:27.936 ModifiedWalkDistance for: Urbiecopter___/PILOT_TANK_CREW1.DESCRIPTION.CALLSIGN/___67C4C2EB extMods: 1
07:17:27.936  ext modifier: CustomUnits 420
07:17:27.936 ModifiedRunDistance for: Urbiecopter___/PILOT_TANK_CREW1.DESCRIPTION.CALLSIGN/___67C4C2EB extMods: 1
07:17:27.936 ModifiedWalkDistance for: Urbiecopter___/PILOT_TANK_CREW1.DESCRIPTION.CALLSIGN/___67C4C2EB extMods: 1
07:17:27.936  ext modifier: CustomUnits 630
07:17:27.936 ModifiedWalkDistance for: Urbiecopter___/PILOT_TANK_CREW1.DESCRIPTION.CALLSIGN/___67C4C2EB extMods: 1
07:17:27.936  ext modifier: CustomUnits 420
07:17:27.963 ModifiedWalkDistance for: Yellowjacket AC___/PILOT_TANK_CREW3.DESCRIPTION.CALLSIGN/___D48D4653 extMods: 1
07:17:27.963  ext modifier: CustomUnits 420
07:17:27.963 ModifiedRunDistance for: Yellowjacket AC___/PILOT_TANK_CREW3.DESCRIPTION.CALLSIGN/___D48D4653 extMods: 1
07:17:27.963 ModifiedWalkDistance for: Yellowjacket AC___/PILOT_TANK_CREW3.DESCRIPTION.CALLSIGN/___D48D4653 extMods: 1
07:17:27.963  ext modifier: CustomUnits 630
07:17:27.963 ModifiedWalkDistance for: Yellowjacket AC___/PILOT_TANK_CREW3.DESCRIPTION.CALLSIGN/___D48D4653 extMods: 1
07:17:27.964  ext modifier: CustomUnits 420
07:17:38.338 ModifiedRunDistance for: Strix VTOL___/PILOT_TANK_CREW2.DESCRIPTION.CALLSIGN/___7B9F1E30 extMods: 1
07:17:38.338 ModifiedWalkDistance for: Strix VTOL___/PILOT_TANK_CREW2.DESCRIPTION.CALLSIGN/___7B9F1E30 extMods: 1
07:17:38.338  ext modifier: CustomUnits 630
07:17:38.339 ModifiedWalkDistance for: Strix VTOL___/PILOT_TANK_CREW2.DESCRIPTION.CALLSIGN/___7B9F1E30 extMods: 1
07:17:38.339  ext modifier: CustomUnits 420
07:17:38.341 ModifiedWalkDistance for: Strix VTOL___/PILOT_TANK_CREW2.DESCRIPTION.CALLSIGN/___7B9F1E30 extMods: 1
07:17:38.341  ext modifier: CustomUnits 420
07:17:38.341 ModifiedRunDistance for: Strix VTOL___/PILOT_TANK_CREW2.DESCRIPTION.CALLSIGN/___7B9F1E30 extMods: 1
07:17:38.341 ModifiedWalkDistance for: Strix VTOL___/PILOT_TANK_CREW2.DESCRIPTION.CALLSIGN/___7B9F1E30 extMods: 1
07:17:38.341  ext modifier: CustomUnits 630
07:17:38.341 ModifiedWalkDistance for: Strix VTOL___/PILOT_TANK_CREW2.DESCRIPTION.CALLSIGN/___7B9F1E30 extMods: 1
07:17:38.341  ext modifier: CustomUnits 420
07:17:38.341 ModifiedRunDistance for: Strix VTOL___/PILOT_TANK_CREW2.DESCRIPTION.CALLSIGN/___7B9F1E30 extMods: 1
07:17:38.341 ModifiedWalkDistance for: Strix VTOL___/PILOT_TANK_CREW2.DESCRIPTION.CALLSIGN/___7B9F1E30 extMods: 1
07:17:38.341  ext modifier: CustomUnits 630
07:17:38.341 ModifiedWalkDistance for: Strix VTOL___/PILOT_TANK_CREW2.DESCRIPTION.CALLSIGN/___7B9F1E30 extMods: 1
07:17:38.341  ext modifier: CustomUnits 420
07:17:38.390 ModifiedRunDistance for: Urbiecopter___/PILOT_TANK_CREW1.DESCRIPTION.CALLSIGN/___EC1A10DE extMods: 1
07:17:38.390 ModifiedWalkDistance for: Urbiecopter___/PILOT_TANK_CREW1.DESCRIPTION.CALLSIGN/___EC1A10DE extMods: 1
07:17:38.390  ext modifier: CustomUnits 630
07:17:38.390 ModifiedWalkDistance for: Urbiecopter___/PILOT_TANK_CREW1.DESCRIPTION.CALLSIGN/___EC1A10DE extMods: 1
07:17:38.390  ext modifier: CustomUnits 420
07:17:38.391 ModifiedWalkDistance for: Urbiecopter___/PILOT_TANK_CREW1.DESCRIPTION.CALLSIGN/___EC1A10DE extMods: 1
07:17:38.391  ext modifier: CustomUnits 420
07:17:38.391 ModifiedRunDistance for: Urbiecopter___/PILOT_TANK_CREW1.DESCRIPTION.CALLSIGN/___EC1A10DE extMods: 1
07:17:38.392 ModifiedWalkDistance for: Urbiecopter___/PILOT_TANK_CREW1.DESCRIPTION.CALLSIGN/___EC1A10DE extMods: 1
07:17:38.392  ext modifier: CustomUnits 630
07:17:38.392 ModifiedWalkDistance for: Urbiecopter___/PILOT_TANK_CREW1.DESCRIPTION.CALLSIGN/___EC1A10DE extMods: 1
07:17:38.392  ext modifier: CustomUnits 420
07:17:38.392 ModifiedRunDistance for: Urbiecopter___/PILOT_TANK_CREW1.DESCRIPTION.CALLSIGN/___EC1A10DE extMods: 1
07:17:38.392 ModifiedWalkDistance for: Urbiecopter___/PILOT_TANK_CREW1.DESCRIPTION.CALLSIGN/___EC1A10DE extMods: 1
07:17:38.392  ext modifier: CustomUnits 630
07:17:38.392 ModifiedWalkDistance for: Urbiecopter___/PILOT_TANK_CREW1.DESCRIPTION.CALLSIGN/___EC1A10DE extMods: 1
07:17:38.392  ext modifier: CustomUnits 420
07:17:38.455 ModifiedRunDistance for: Yellowjacket AC___/PILOT_TANK_CREW3.DESCRIPTION.CALLSIGN/___57245CBC extMods: 1
07:17:38.455 ModifiedWalkDistance for: Yellowjacket AC___/PILOT_TANK_CREW3.DESCRIPTION.CALLSIGN/___57245CBC extMods: 1
07:17:38.456  ext modifier: CustomUnits 630
07:17:38.456 ModifiedWalkDistance for: Yellowjacket AC___/PILOT_TANK_CREW3.DESCRIPTION.CALLSIGN/___57245CBC extMods: 1
07:17:38.456  ext modifier: CustomUnits 420
07:17:38.457 ModifiedWalkDistance for: Yellowjacket AC___/PILOT_TANK_CREW3.DESCRIPTION.CALLSIGN/___57245CBC extMods: 1
07:17:38.457  ext modifier: CustomUnits 420
07:17:38.457 ModifiedRunDistance for: Yellowjacket AC___/PILOT_TANK_CREW3.DESCRIPTION.CALLSIGN/___57245CBC extMods: 1
07:17:38.457 ModifiedWalkDistance for: Yellowjacket AC___/PILOT_TANK_CREW3.DESCRIPTION.CALLSIGN/___57245CBC extMods: 1
07:17:38.457  ext modifier: CustomUnits 630
07:17:38.457 ModifiedWalkDistance for: Yellowjacket AC___/PILOT_TANK_CREW3.DESCRIPTION.CALLSIGN/___57245CBC extMods: 1
07:17:38.457  ext modifier: CustomUnits 420
07:17:38.457 ModifiedRunDistance for: Yellowjacket AC___/PILOT_TANK_CREW3.DESCRIPTION.CALLSIGN/___57245CBC extMods: 1
07:17:38.457 ModifiedWalkDistance for: Yellowjacket AC___/PILOT_TANK_CREW3.DESCRIPTION.CALLSIGN/___57245CBC extMods: 1
07:17:38.457  ext modifier: CustomUnits 630
07:17:38.457 ModifiedWalkDistance for: Yellowjacket AC___/PILOT_TANK_CREW3.DESCRIPTION.CALLSIGN/___57245CBC extMods: 1
07:17:38.457  ext modifier: CustomUnits 420
07:17:38.468 ModifiedRunDistance for: Strix VTOL___/PILOT_TANK_CREW2.DESCRIPTION.CALLSIGN/___37443683 extMods: 1
07:17:38.468 ModifiedWalkDistance for: Strix VTOL___/PILOT_TANK_CREW2.DESCRIPTION.CALLSIGN/___37443683 extMods: 1
07:17:38.468  ext modifier: CustomUnits 630
07:17:38.468 ModifiedWalkDistance for: Strix VTOL___/PILOT_TANK_CREW2.DESCRIPTION.CALLSIGN/___37443683 extMods: 1
07:17:38.468  ext modifier: CustomUnits 420
07:17:38.469 ModifiedWalkDistance for: Strix VTOL___/PILOT_TANK_CREW2.DESCRIPTION.CALLSIGN/___37443683 extMods: 1
07:17:38.469  ext modifier: CustomUnits 420
07:17:38.469 ModifiedRunDistance for: Strix VTOL___/PILOT_TANK_CREW2.DESCRIPTION.CALLSIGN/___37443683 extMods: 1
07:17:38.469 ModifiedWalkDistance for: Strix VTOL___/PILOT_TANK_CREW2.DESCRIPTION.CALLSIGN/___37443683 extMods: 1
07:17:38.469  ext modifier: CustomUnits 630
07:17:38.469 ModifiedWalkDistance for: Strix VTOL___/PILOT_TANK_CREW2.DESCRIPTION.CALLSIGN/___37443683 extMods: 1
07:17:38.469  ext modifier: CustomUnits 420
07:17:38.469 ModifiedRunDistance for: Strix VTOL___/PILOT_TANK_CREW2.DESCRIPTION.CALLSIGN/___37443683 extMods: 1
07:17:38.469 ModifiedWalkDistance for: Strix VTOL___/PILOT_TANK_CREW2.DESCRIPTION.CALLSIGN/___37443683 extMods: 1
07:17:38.469  ext modifier: CustomUnits 630
07:17:38.469 ModifiedWalkDistance for: Strix VTOL___/PILOT_TANK_CREW2.DESCRIPTION.CALLSIGN/___37443683 extMods: 1
07:17:38.469  ext modifier: CustomUnits 420
07:17:38.491 ModifiedRunDistance for: Urbiecopter___/PILOT_TANK_CREW1.DESCRIPTION.CALLSIGN/___67C4C2EB extMods: 1
07:17:38.491 ModifiedWalkDistance for: Urbiecopter___/PILOT_TANK_CREW1.DESCRIPTION.CALLSIGN/___67C4C2EB extMods: 1
07:17:38.491  ext modifier: CustomUnits 630
07:17:38.491 ModifiedWalkDistance for: Urbiecopter___/PILOT_TANK_CREW1.DESCRIPTION.CALLSIGN/___67C4C2EB extMods: 1
07:17:38.491  ext modifier: CustomUnits 420
07:17:38.492 ModifiedWalkDistance for: Urbiecopter___/PILOT_TANK_CREW1.DESCRIPTION.CALLSIGN/___67C4C2EB extMods: 1
07:17:38.492  ext modifier: CustomUnits 420
07:17:38.492 ModifiedRunDistance for: Urbiecopter___/PILOT_TANK_CREW1.DESCRIPTION.CALLSIGN/___67C4C2EB extMods: 1
07:17:38.492 ModifiedWalkDistance for: Urbiecopter___/PILOT_TANK_CREW1.DESCRIPTION.CALLSIGN/___67C4C2EB extMods: 1
07:17:38.492  ext modifier: CustomUnits 630
07:17:38.492 ModifiedWalkDistance for: Urbiecopter___/PILOT_TANK_CREW1.DESCRIPTION.CALLSIGN/___67C4C2EB extMods: 1
07:17:38.492  ext modifier: CustomUnits 420
07:17:38.492 ModifiedRunDistance for: Urbiecopter___/PILOT_TANK_CREW1.DESCRIPTION.CALLSIGN/___67C4C2EB extMods: 1
07:17:38.492 ModifiedWalkDistance for: Urbiecopter___/PILOT_TANK_CREW1.DESCRIPTION.CALLSIGN/___67C4C2EB extMods: 1
07:17:38.493  ext modifier: CustomUnits 630
07:17:38.493 ModifiedWalkDistance for: Urbiecopter___/PILOT_TANK_CREW1.DESCRIPTION.CALLSIGN/___67C4C2EB extMods: 1
07:17:38.493  ext modifier: CustomUnits 420
07:17:38.530 ModifiedRunDistance for: Yellowjacket AC___/PILOT_TANK_CREW3.DESCRIPTION.CALLSIGN/___D48D4653 extMods: 1
07:17:38.530 ModifiedWalkDistance for: Yellowjacket AC___/PILOT_TANK_CREW3.DESCRIPTION.CALLSIGN/___D48D4653 extMods: 1
07:17:38.530  ext modifier: CustomUnits 630
07:17:38.530 ModifiedWalkDistance for: Yellowjacket AC___/PILOT_TANK_CREW3.DESCRIPTION.CALLSIGN/___D48D4653 extMods: 1
07:17:38.530  ext modifier: CustomUnits 420
07:17:38.531 ModifiedWalkDistance for: Yellowjacket AC___/PILOT_TANK_CREW3.DESCRIPTION.CALLSIGN/___D48D4653 extMods: 1
07:17:38.531  ext modifier: CustomUnits 420
07:17:38.531 ModifiedRunDistance for: Yellowjacket AC___/PILOT_TANK_CREW3.DESCRIPTION.CALLSIGN/___D48D4653 extMods: 1
07:17:38.531 ModifiedWalkDistance for: Yellowjacket AC___/PILOT_TANK_CREW3.DESCRIPTION.CALLSIGN/___D48D4653 extMods: 1
07:17:38.531  ext modifier: CustomUnits 630
07:17:38.531 ModifiedWalkDistance for: Yellowjacket AC___/PILOT_TANK_CREW3.DESCRIPTION.CALLSIGN/___D48D4653 extMods: 1
07:17:38.531  ext modifier: CustomUnits 420
07:17:38.531 ModifiedRunDistance for: Yellowjacket AC___/PILOT_TANK_CREW3.DESCRIPTION.CALLSIGN/___D48D4653 extMods: 1
07:17:38.531 ModifiedWalkDistance for: Yellowjacket AC___/PILOT_TANK_CREW3.DESCRIPTION.CALLSIGN/___D48D4653 extMods: 1
07:17:38.532  ext modifier: CustomUnits 630
07:17:38.532 ModifiedWalkDistance for: Yellowjacket AC___/PILOT_TANK_CREW3.DESCRIPTION.CALLSIGN/___D48D4653 extMods: 1
07:17:38.532  ext modifier: CustomUnits 420
